2023-04-03 17:05:14,625 - Spurtcommerce_Store -INFO - sign button is clicked
2023-04-03 17:05:15,073 - Spurtcommerce_Store -INFO - registration page is clicked
2023-04-03 17:05:18,093 - Spurtcommerce_Store -INFO - registration page url is Verified
2023-04-03 17:05:18,185 - Spurtcommerce_Store -INFO - FullName is Typing
2023-04-03 17:05:18,381 - Spurtcommerce_Store -INFO - Email is Typing
2023-04-03 17:05:18,531 - Spurtcommerce_Store -INFO - Password is Typing
2023-04-03 17:05:18,682 - Spurtcommerce_Store -INFO - Confirm Password is Typing
2023-04-03 17:05:18,852 - Spurtcommerce_Store -INFO - PhoneNumber is Typing
2023-04-03 17:05:18,926 - Spurtcommerce_Store -INFO - Register is clicking
2023-04-03 17:12:06,511 - Spurtcommerce_Store -INFO - sign button is clicked
2023-04-03 17:12:06,979 - Spurtcommerce_Store -INFO - registration page is clicked
2023-04-03 17:12:10,001 - Spurtcommerce_Store -INFO - registration page url is Verified
2023-04-03 17:12:10,088 - Spurtcommerce_Store -INFO - FullName is Typing
2023-04-03 17:12:10,300 - Spurtcommerce_Store -INFO - Email is Typing
2023-04-03 17:12:10,460 - Spurtcommerce_Store -INFO - Password is Typing
2023-04-03 17:12:10,596 - Spurtcommerce_Store -INFO - Confirm Password is Typing
2023-04-03 17:12:10,732 - Spurtcommerce_Store -INFO - PhoneNumber is Typing
2023-04-03 17:12:10,796 - Spurtcommerce_Store -INFO - Register is clicking
2023-04-03 17:13:57,141 - Spurtcommerce_Store -INFO - sign button is clicked
2023-04-03 17:13:57,821 - Spurtcommerce_Store -INFO - registration page is clicked
2023-04-03 17:13:57,822 - Spurtcommerce_Store -INFO - registration page url is Verified
2023-04-03 17:13:57,906 - Spurtcommerce_Store -INFO - FullName is Typing
2023-04-03 17:13:58,056 - Spurtcommerce_Store -INFO - Email is Typing
2023-04-03 17:13:58,186 - Spurtcommerce_Store -INFO - Password is Typing
2023-04-03 17:13:58,314 - Spurtcommerce_Store -INFO - Confirm Password is Typing
2023-04-03 17:13:58,442 - Spurtcommerce_Store -INFO - PhoneNumber is Typing
2023-04-03 17:13:58,497 - Spurtcommerce_Store -INFO - Register is clicking
2023-04-03 17:16:47,116 - Spurtcommerce_Store -INFO - sign button is clicked
2023-04-03 17:16:47,888 - Spurtcommerce_Store -INFO - registration page is clicked
2023-04-03 17:16:47,889 - Spurtcommerce_Store -INFO - registration page url is Verified
2023-04-03 17:16:47,977 - Spurtcommerce_Store -INFO - FullName is Typing
2023-04-03 17:16:48,137 - Spurtcommerce_Store -INFO - Email is Typing
2023-04-03 17:16:48,264 - Spurtcommerce_Store -INFO - Password is Typing
2023-04-03 17:16:48,383 - Spurtcommerce_Store -INFO - Confirm Password is Typing
2023-04-03 17:16:48,505 - Spurtcommerce_Store -INFO - PhoneNumber is Typing
2023-04-03 17:16:48,556 - Spurtcommerce_Store -INFO - Register is clicking
2023-04-03 17:18:30,360 - Spurtcommerce_Store -INFO - sign button is clicked
2023-04-03 17:18:31,209 - Spurtcommerce_Store -INFO - registration page is clicked
2023-04-03 17:18:31,210 - Spurtcommerce_Store -INFO - registration page url is Verified
2023-04-03 17:18:31,303 - Spurtcommerce_Store -INFO - FullName is Typing
2023-04-03 17:18:31,459 - Spurtcommerce_Store -INFO - Email is Typing
2023-04-03 17:18:31,707 - Spurtcommerce_Store -INFO - Password is Typing
2023-04-03 17:18:31,838 - Spurtcommerce_Store -INFO - Confirm Password is Typing
2023-04-03 17:18:31,974 - Spurtcommerce_Store -INFO - PhoneNumber is Typing
2023-04-03 17:18:32,025 - Spurtcommerce_Store -INFO - Register is clicking
2023-04-03 17:20:46,326 - Spurtcommerce_Store -INFO - sign button is clicked
2023-04-03 17:20:47,358 - Spurtcommerce_Store -INFO - registration page is clicked
2023-04-03 17:20:47,360 - Spurtcommerce_Store -INFO - registration page url is Verified
2023-04-03 17:20:47,455 - Spurtcommerce_Store -INFO - FullName is Typing
2023-04-03 17:20:47,611 - Spurtcommerce_Store -INFO - Email is Typing
2023-04-03 17:20:47,738 - Spurtcommerce_Store -INFO - Password is Typing
2023-04-03 17:20:47,875 - Spurtcommerce_Store -INFO - Confirm Password is Typing
2023-04-03 17:20:48,000 - Spurtcommerce_Store -INFO - PhoneNumber is Typing
2023-04-03 17:20:48,060 - Spurtcommerce_Store -INFO - Register is clicking
2023-04-03 17:22:54,118 - Spurtcommerce_Store -INFO - sign button is clicked
2023-04-03 17:22:54,846 - Spurtcommerce_Store -INFO - registration page is clicked
2023-04-03 17:22:54,847 - Spurtcommerce_Store -INFO - registration page url is Verified
2023-04-03 17:22:54,943 - Spurtcommerce_Store -INFO - FullName is Typing
2023-04-03 17:22:55,109 - Spurtcommerce_Store -INFO - Email is Typing
2023-04-03 17:22:55,244 - Spurtcommerce_Store -INFO - Password is Typing
2023-04-03 17:22:55,377 - Spurtcommerce_Store -INFO - Confirm Password is Typing
2023-04-03 17:22:55,511 - Spurtcommerce_Store -INFO - PhoneNumber is Typing
2023-04-03 17:22:55,570 - Spurtcommerce_Store -INFO - Register is clicking
2023-04-03 17:23:56,435 - Spurtcommerce_Store -INFO - sign button is clicked
2023-04-03 17:23:56,998 - Spurtcommerce_Store -INFO - registration page is clicked
2023-04-03 17:23:56,998 - Spurtcommerce_Store -INFO - registration page url is Verified
2023-04-03 17:23:57,094 - Spurtcommerce_Store -INFO - FullName is Typing
2023-04-03 17:23:57,261 - Spurtcommerce_Store -INFO - Email is Typing
2023-04-03 17:23:57,391 - Spurtcommerce_Store -INFO - Password is Typing
2023-04-03 17:23:57,518 - Spurtcommerce_Store -INFO - Confirm Password is Typing
2023-04-03 17:23:57,649 - Spurtcommerce_Store -INFO - PhoneNumber is Typing
2023-04-03 17:23:57,708 - Spurtcommerce_Store -INFO - Register is clicking
2023-04-03 17:25:23,666 - Spurtcommerce_Store -INFO - sign button is clicked
2023-04-03 17:25:24,323 - Spurtcommerce_Store -INFO - registration page is clicked
2023-04-03 17:25:24,324 - Spurtcommerce_Store -INFO - registration page url is Verified
2023-04-03 17:25:24,417 - Spurtcommerce_Store -INFO - FullName is Typing
2023-04-03 17:25:24,584 - Spurtcommerce_Store -INFO - Email is Typing
2023-04-03 17:25:24,720 - Spurtcommerce_Store -INFO - Password is Typing
2023-04-03 17:25:24,850 - Spurtcommerce_Store -INFO - Confirm Password is Typing
2023-04-03 17:25:24,982 - Spurtcommerce_Store -INFO - PhoneNumber is Typing
2023-04-03 17:25:25,035 - Spurtcommerce_Store -INFO - Register is clicking
2023-04-03 17:40:13,778 - Spurtcommerce_Store -INFO - sign button is clicked
2023-04-03 17:40:15,809 - Spurtcommerce_Store -INFO - registration page is clicked
2023-04-03 17:40:15,812 - Spurtcommerce_Store -INFO - registration page url is Verified
2023-04-03 17:40:15,979 - Spurtcommerce_Store -INFO - FullName is Typing
2023-04-03 17:40:16,209 - Spurtcommerce_Store -INFO - Email is Typing
2023-04-03 17:40:16,409 - Spurtcommerce_Store -INFO - Password is Typing
2023-04-03 17:40:16,599 - Spurtcommerce_Store -INFO - Confirm Password is Typing
2023-04-03 17:40:16,784 - Spurtcommerce_Store -INFO - PhoneNumber is Typing
2023-04-03 17:40:16,864 - Spurtcommerce_Store -INFO - Register is clicking
2023-04-03 17:40:23,619 - Spurtcommerce_Store -INFO - signInbtn is clicking
2023-04-03 17:40:24,319 - Spurtcommerce_Store -INFO - RegisterNow is clicking
2023-04-03 17:40:24,356 - Spurtcommerce_Store -INFO - Register title is Verifying
2023-04-03 17:40:24,382 - Spurtcommerce_Store -INFO - FullName title is Verifying
2023-04-03 17:40:24,406 - Spurtcommerce_Store -INFO - Email title is Verifying
2023-04-03 17:40:24,433 - Spurtcommerce_Store -INFO - Password title is Verifying
2023-04-03 17:40:24,458 - Spurtcommerce_Store -INFO -  Confirm Password title is Verifying
2023-04-03 17:40:24,491 - Spurtcommerce_Store -INFO - PhoneNumber title is Verifying
2023-04-03 17:40:24,548 - Spurtcommerce_Store -INFO - REGISTER is clicking
2023-04-03 17:40:24,581 - Spurtcommerce_Store -INFO - Fullname error message is Verifying
2023-04-03 17:40:24,605 - Spurtcommerce_Store -INFO - Email error message is Verifying
2023-04-03 17:40:24,631 - Spurtcommerce_Store -INFO - Password error message is Verifying
2023-04-03 17:40:24,667 - Spurtcommerce_Store -INFO - FullName field Placeholder Name is Verifying
2023-04-03 17:40:24,697 - Spurtcommerce_Store -INFO - Email field Placeholder Name is Verifying
2023-04-03 17:40:24,721 - Spurtcommerce_Store -INFO - Password field Placeholder Name is Verifying
2023-04-03 17:40:24,748 - Spurtcommerce_Store -INFO - Confirm Password field Placeholder Name is Verifying
2023-04-03 17:40:24,771 - Spurtcommerce_Store -INFO - PhoneNumber field Placeholder Name is Verifying
2023-04-03 17:40:24,800 - Spurtcommerce_Store -INFO - Registration page logo is displayed
2023-04-03 17:52:31,193 - Spurtcommerce_Store -INFO - sign button is clicked
2023-04-03 17:52:31,896 - Spurtcommerce_Store -INFO - registration page is clicked
2023-04-03 17:52:31,901 - Spurtcommerce_Store -INFO - registration page url is Verified
2023-04-03 17:52:32,005 - Spurtcommerce_Store -INFO - FullName is Typing
2023-04-03 17:52:32,176 - Spurtcommerce_Store -INFO - Email is Typing
2023-04-03 17:52:32,303 - Spurtcommerce_Store -INFO - Password is Typing
2023-04-03 17:52:32,430 - Spurtcommerce_Store -INFO - Confirm Password is Typing
2023-04-03 17:52:32,547 - Spurtcommerce_Store -INFO - PhoneNumber is Typing
2023-04-03 17:52:32,611 - Spurtcommerce_Store -INFO - Register is clicking
2023-04-03 17:52:41,955 - Spurtcommerce_Store -INFO - signInbtn is clicking
2023-04-03 17:52:42,723 - Spurtcommerce_Store -INFO - RegisterNow is clicking
2023-04-03 17:52:42,763 - Spurtcommerce_Store -INFO - Register title is Verifying
2023-04-03 17:52:42,791 - Spurtcommerce_Store -INFO - FullName title is Verifying
2023-04-03 17:52:42,822 - Spurtcommerce_Store -INFO - Email title is Verifying
2023-04-03 17:52:42,850 - Spurtcommerce_Store -INFO - Password title is Verifying
2023-04-03 17:52:42,877 - Spurtcommerce_Store -INFO -  Confirm Password title is Verifying
2023-04-03 17:52:42,907 - Spurtcommerce_Store -INFO - PhoneNumber title is Verifying
2023-04-03 17:52:42,970 - Spurtcommerce_Store -INFO - REGISTER is clicking
2023-04-03 17:52:43,010 - Spurtcommerce_Store -INFO - Fullname error message is Verifying
2023-04-03 17:52:43,037 - Spurtcommerce_Store -INFO - Email error message is Verifying
2023-04-03 17:52:43,063 - Spurtcommerce_Store -INFO - Password error message is Verifying
2023-04-03 17:52:43,102 - Spurtcommerce_Store -INFO - FullName field Placeholder Name is Verifying
2023-04-03 17:52:43,133 - Spurtcommerce_Store -INFO - Email field Placeholder Name is Verifying
2023-04-03 17:52:43,159 - Spurtcommerce_Store -INFO - Password field Placeholder Name is Verifying
2023-04-03 17:52:43,183 - Spurtcommerce_Store -INFO - Confirm Password field Placeholder Name is Verifying
2023-04-03 17:52:43,206 - Spurtcommerce_Store -INFO - PhoneNumber field Placeholder Name is Verifying
2023-04-03 17:52:43,232 - Spurtcommerce_Store -INFO - Registration page logo is displayed
2023-04-03 17:54:49,948 - Spurtcommerce_Store -INFO - sign button is clicked
2023-04-03 17:54:50,285 - Spurtcommerce_Store -INFO - registration page is clicked
2023-04-03 17:54:50,290 - Spurtcommerce_Store -INFO - registration page url is Verified
2023-04-03 17:54:59,270 - Spurtcommerce_Store -INFO - signInbtn is clicking
2023-04-03 17:54:59,945 - Spurtcommerce_Store -INFO - RegisterNow is clicking
2023-04-03 17:54:59,979 - Spurtcommerce_Store -INFO - Register title is Verifying
2023-04-03 17:55:00,007 - Spurtcommerce_Store -INFO - FullName title is Verifying
2023-04-03 17:55:00,039 - Spurtcommerce_Store -INFO - Email title is Verifying
2023-04-03 17:55:00,070 - Spurtcommerce_Store -INFO - Password title is Verifying
2023-04-03 17:55:00,108 - Spurtcommerce_Store -INFO -  Confirm Password title is Verifying
2023-04-03 17:55:00,149 - Spurtcommerce_Store -INFO - PhoneNumber title is Verifying
2023-04-03 17:55:00,204 - Spurtcommerce_Store -INFO - REGISTER is clicking
2023-04-03 17:55:00,243 - Spurtcommerce_Store -INFO - Fullname error message is Verifying
2023-04-03 17:55:00,270 - Spurtcommerce_Store -INFO - Email error message is Verifying
2023-04-03 17:55:00,295 - Spurtcommerce_Store -INFO - Password error message is Verifying
2023-04-03 17:55:00,332 - Spurtcommerce_Store -INFO - FullName field Placeholder Name is Verifying
2023-04-03 17:55:00,379 - Spurtcommerce_Store -INFO - Email field Placeholder Name is Verifying
2023-04-03 17:55:00,404 - Spurtcommerce_Store -INFO - Password field Placeholder Name is Verifying
2023-04-03 17:55:00,429 - Spurtcommerce_Store -INFO - Confirm Password field Placeholder Name is Verifying
2023-04-03 17:55:00,453 - Spurtcommerce_Store -INFO - PhoneNumber field Placeholder Name is Verifying
2023-04-03 17:55:00,484 - Spurtcommerce_Store -INFO - Registration page logo is displayed
2023-04-03 17:56:11,089 - Spurtcommerce_Store -INFO - sign button is clicked
2023-04-03 17:56:11,829 - Spurtcommerce_Store -INFO - registration page is clicked
2023-04-03 17:56:11,831 - Spurtcommerce_Store -INFO - registration page url is Verified
2023-04-03 17:56:11,919 - Spurtcommerce_Store -INFO - FullName is Typing
2023-04-03 17:56:12,229 - Spurtcommerce_Store -INFO - Email is Typing
2023-04-03 17:56:12,346 - Spurtcommerce_Store -INFO - Password is Typing
2023-04-03 17:56:12,451 - Spurtcommerce_Store -INFO - Confirm Password is Typing
2023-04-03 17:56:12,573 - Spurtcommerce_Store -INFO - PhoneNumber is Typing
2023-04-03 17:56:12,629 - Spurtcommerce_Store -INFO - Register is clicking
2023-04-03 17:56:18,485 - Spurtcommerce_Store -INFO - signInbtn is clicking
2023-04-03 17:56:18,957 - Spurtcommerce_Store -INFO - RegisterNow is clicking
2023-04-03 17:56:18,999 - Spurtcommerce_Store -INFO - Register title is Verifying
2023-04-03 17:56:19,053 - Spurtcommerce_Store -INFO - FullName title is Verifying
2023-04-03 17:56:19,093 - Spurtcommerce_Store -INFO - Email title is Verifying
2023-04-03 17:56:19,124 - Spurtcommerce_Store -INFO - Password title is Verifying
2023-04-03 17:56:19,153 - Spurtcommerce_Store -INFO -  Confirm Password title is Verifying
2023-04-03 17:56:19,177 - Spurtcommerce_Store -INFO - PhoneNumber title is Verifying
2023-04-03 17:56:19,229 - Spurtcommerce_Store -INFO - REGISTER is clicking
2023-04-03 17:56:19,265 - Spurtcommerce_Store -INFO - Fullname error message is Verifying
2023-04-03 17:56:19,297 - Spurtcommerce_Store -INFO - Email error message is Verifying
2023-04-03 17:56:19,324 - Spurtcommerce_Store -INFO - Password error message is Verifying
2023-04-03 17:56:19,361 - Spurtcommerce_Store -INFO - FullName field Placeholder Name is Verifying
2023-04-03 17:56:19,392 - Spurtcommerce_Store -INFO - Email field Placeholder Name is Verifying
2023-04-03 17:56:19,418 - Spurtcommerce_Store -INFO - Password field Placeholder Name is Verifying
2023-04-03 17:56:19,446 - Spurtcommerce_Store -INFO - Confirm Password field Placeholder Name is Verifying
2023-04-03 17:56:19,474 - Spurtcommerce_Store -INFO - PhoneNumber field Placeholder Name is Verifying
2023-04-03 17:56:19,504 - Spurtcommerce_Store -INFO - Registration page logo is displayed
2023-04-03 17:59:44,005 - Spurtcommerce_Store -INFO - sign button is clicked
2023-04-03 17:59:44,922 - Spurtcommerce_Store -INFO - registration page is clicked
2023-04-03 17:59:44,925 - Spurtcommerce_Store -INFO - registration page url is Verified
2023-04-03 17:59:45,018 - Spurtcommerce_Store -INFO - FullName is Typing
2023-04-03 17:59:45,181 - Spurtcommerce_Store -INFO - Email is Typing
2023-04-03 17:59:45,307 - Spurtcommerce_Store -INFO - Password is Typing
2023-04-03 17:59:45,433 - Spurtcommerce_Store -INFO - Confirm Password is Typing
2023-04-03 17:59:45,555 - Spurtcommerce_Store -INFO - PhoneNumber is Typing
2023-04-03 17:59:45,620 - Spurtcommerce_Store -INFO - Register is clicking
2023-04-03 17:59:50,671 - Spurtcommerce_Store -INFO - Registration  is successful
2023-04-03 17:59:54,829 - Spurtcommerce_Store -INFO - signInbtn is clicking
2023-04-03 17:59:55,572 - Spurtcommerce_Store -INFO - RegisterNow is clicking
2023-04-03 17:59:55,607 - Spurtcommerce_Store -INFO - Register title is Verifying
2023-04-03 17:59:55,636 - Spurtcommerce_Store -INFO - FullName title is Verifying
2023-04-03 17:59:55,670 - Spurtcommerce_Store -INFO - Email title is Verifying
2023-04-03 17:59:55,699 - Spurtcommerce_Store -INFO - Password title is Verifying
2023-04-03 17:59:55,733 - Spurtcommerce_Store -INFO -  Confirm Password title is Verifying
2023-04-03 17:59:55,761 - Spurtcommerce_Store -INFO - PhoneNumber title is Verifying
2023-04-03 17:59:55,820 - Spurtcommerce_Store -INFO - REGISTER is clicking
2023-04-03 17:59:55,859 - Spurtcommerce_Store -INFO - Fullname error message is Verifying
2023-04-03 17:59:55,885 - Spurtcommerce_Store -INFO - Email error message is Verifying
2023-04-03 17:59:55,913 - Spurtcommerce_Store -INFO - Password error message is Verifying
2023-04-03 17:59:55,959 - Spurtcommerce_Store -INFO - FullName field Placeholder Name is Verifying
2023-04-03 17:59:56,000 - Spurtcommerce_Store -INFO - Email field Placeholder Name is Verifying
2023-04-03 17:59:56,030 - Spurtcommerce_Store -INFO - Password field Placeholder Name is Verifying
2023-04-03 17:59:56,067 - Spurtcommerce_Store -INFO - Confirm Password field Placeholder Name is Verifying
2023-04-03 17:59:56,094 - Spurtcommerce_Store -INFO - PhoneNumber field Placeholder Name is Verifying
2023-04-03 17:59:56,131 - Spurtcommerce_Store -INFO - Registration page logo is displayed
2023-04-03 18:01:40,108 - Spurtcommerce_Store -INFO - sign button is clicked
2023-04-03 18:01:40,940 - Spurtcommerce_Store -INFO - registration page is clicked
2023-04-03 18:01:40,943 - Spurtcommerce_Store -INFO - registration page url is Verified
2023-04-03 18:01:41,044 - Spurtcommerce_Store -INFO - FullName is Typing
2023-04-03 18:01:41,205 - Spurtcommerce_Store -INFO - Email is Typing
2023-04-03 18:01:41,331 - Spurtcommerce_Store -INFO - Password is Typing
2023-04-03 18:01:41,450 - Spurtcommerce_Store -INFO - Confirm Password is Typing
2023-04-03 18:01:41,578 - Spurtcommerce_Store -INFO - PhoneNumber is Typing
2023-04-03 18:01:41,642 - Spurtcommerce_Store -INFO - Register is clicking
2023-04-03 18:01:46,043 - Spurtcommerce_Store -INFO - signInbtn is clicking
2023-04-03 18:01:46,677 - Spurtcommerce_Store -INFO - RegisterNow is clicking
2023-04-03 18:01:46,716 - Spurtcommerce_Store -INFO - Register title is Verifying
2023-04-03 18:01:46,750 - Spurtcommerce_Store -INFO - FullName title is Verifying
2023-04-03 18:01:46,782 - Spurtcommerce_Store -INFO - Email title is Verifying
2023-04-03 18:01:46,812 - Spurtcommerce_Store -INFO - Password title is Verifying
2023-04-03 18:01:46,841 - Spurtcommerce_Store -INFO -  Confirm Password title is Verifying
2023-04-03 18:01:46,873 - Spurtcommerce_Store -INFO - PhoneNumber title is Verifying
2023-04-03 18:01:46,929 - Spurtcommerce_Store -INFO - REGISTER is clicking
2023-04-03 18:01:46,970 - Spurtcommerce_Store -INFO - Fullname error message is Verifying
2023-04-03 18:01:46,998 - Spurtcommerce_Store -INFO - Email error message is Verifying
2023-04-03 18:01:47,024 - Spurtcommerce_Store -INFO - Password error message is Verifying
2023-04-03 18:01:47,062 - Spurtcommerce_Store -INFO - FullName field Placeholder Name is Verifying
2023-04-03 18:01:47,097 - Spurtcommerce_Store -INFO - Email field Placeholder Name is Verifying
2023-04-03 18:01:47,122 - Spurtcommerce_Store -INFO - Password field Placeholder Name is Verifying
2023-04-03 18:01:47,151 - Spurtcommerce_Store -INFO - Confirm Password field Placeholder Name is Verifying
2023-04-03 18:01:47,176 - Spurtcommerce_Store -INFO - PhoneNumber field Placeholder Name is Verifying
2023-04-03 18:01:47,208 - Spurtcommerce_Store -INFO - Registration page logo is displayed
2023-04-03 18:03:38,119 - Spurtcommerce_Store -INFO - sign button is clicked
2023-04-03 18:03:38,827 - Spurtcommerce_Store -INFO - registration page is clicked
2023-04-03 18:03:38,830 - Spurtcommerce_Store -INFO - registration page url is Verified
2023-04-03 18:03:38,968 - Spurtcommerce_Store -INFO - FullName is Typing
2023-04-03 18:03:39,135 - Spurtcommerce_Store -INFO - Email is Typing
2023-04-03 18:03:39,268 - Spurtcommerce_Store -INFO - Password is Typing
2023-04-03 18:03:39,407 - Spurtcommerce_Store -INFO - Confirm Password is Typing
2023-04-03 18:03:39,555 - Spurtcommerce_Store -INFO - PhoneNumber is Typing
2023-04-03 18:03:39,622 - Spurtcommerce_Store -INFO - Register is clicking
2023-04-03 18:03:45,549 - Spurtcommerce_Store -INFO - signInbtn is clicking
2023-04-03 18:03:46,206 - Spurtcommerce_Store -INFO - RegisterNow is clicking
2023-04-03 18:03:46,240 - Spurtcommerce_Store -INFO - Register title is Verifying
2023-04-03 18:03:46,268 - Spurtcommerce_Store -INFO - FullName title is Verifying
2023-04-03 18:03:46,296 - Spurtcommerce_Store -INFO - Email title is Verifying
2023-04-03 18:03:46,321 - Spurtcommerce_Store -INFO - Password title is Verifying
2023-04-03 18:03:46,345 - Spurtcommerce_Store -INFO -  Confirm Password title is Verifying
2023-04-03 18:03:46,371 - Spurtcommerce_Store -INFO - PhoneNumber title is Verifying
2023-04-03 18:03:46,433 - Spurtcommerce_Store -INFO - REGISTER is clicking
2023-04-03 18:03:46,465 - Spurtcommerce_Store -INFO - Fullname error message is Verifying
2023-04-03 18:03:46,497 - Spurtcommerce_Store -INFO - Email error message is Verifying
2023-04-03 18:03:46,528 - Spurtcommerce_Store -INFO - Password error message is Verifying
2023-04-03 18:03:46,573 - Spurtcommerce_Store -INFO - FullName field Placeholder Name is Verifying
2023-04-03 18:03:46,608 - Spurtcommerce_Store -INFO - Email field Placeholder Name is Verifying
2023-04-03 18:03:46,632 - Spurtcommerce_Store -INFO - Password field Placeholder Name is Verifying
2023-04-03 18:03:46,662 - Spurtcommerce_Store -INFO - Confirm Password field Placeholder Name is Verifying
2023-04-03 18:03:46,686 - Spurtcommerce_Store -INFO - PhoneNumber field Placeholder Name is Verifying
2023-04-03 18:03:46,715 - Spurtcommerce_Store -INFO - Registration page logo is displayed
2023-04-03 18:07:40,993 - Spurtcommerce_Store -INFO - sign button is clicked
2023-04-03 18:07:41,687 - Spurtcommerce_Store -INFO - registration page is clicked
2023-04-03 18:07:44,701 - Spurtcommerce_Store -INFO - registration page url is Verified
2023-04-03 18:07:44,854 - Spurtcommerce_Store -INFO - FullName is Typing
2023-04-03 18:07:45,091 - Spurtcommerce_Store -INFO - Email is Typing
2023-04-03 18:07:45,257 - Spurtcommerce_Store -INFO - Password is Typing
2023-04-03 18:07:45,420 - Spurtcommerce_Store -INFO - Confirm Password is Typing
2023-04-03 18:07:45,563 - Spurtcommerce_Store -INFO - PhoneNumber is Typing
2023-04-03 18:07:50,634 - Spurtcommerce_Store -INFO - Register is clicking
2023-04-03 18:07:55,020 - Spurtcommerce_Store -INFO - signInbtn is clicking
2023-04-03 18:07:55,843 - Spurtcommerce_Store -INFO - RegisterNow is clicking
2023-04-03 18:07:55,876 - Spurtcommerce_Store -INFO - Register title is Verifying
2023-04-03 18:07:55,905 - Spurtcommerce_Store -INFO - FullName title is Verifying
2023-04-03 18:07:55,936 - Spurtcommerce_Store -INFO - Email title is Verifying
2023-04-03 18:07:55,962 - Spurtcommerce_Store -INFO - Password title is Verifying
2023-04-03 18:07:55,990 - Spurtcommerce_Store -INFO -  Confirm Password title is Verifying
2023-04-03 18:07:56,018 - Spurtcommerce_Store -INFO - PhoneNumber title is Verifying
2023-04-03 18:07:56,073 - Spurtcommerce_Store -INFO - REGISTER is clicking
2023-04-03 18:07:56,109 - Spurtcommerce_Store -INFO - Fullname error message is Verifying
2023-04-03 18:07:56,133 - Spurtcommerce_Store -INFO - Email error message is Verifying
2023-04-03 18:07:56,158 - Spurtcommerce_Store -INFO - Password error message is Verifying
2023-04-03 18:07:56,195 - Spurtcommerce_Store -INFO - FullName field Placeholder Name is Verifying
2023-04-03 18:07:56,229 - Spurtcommerce_Store -INFO - Email field Placeholder Name is Verifying
2023-04-03 18:07:56,256 - Spurtcommerce_Store -INFO - Password field Placeholder Name is Verifying
2023-04-03 18:07:56,279 - Spurtcommerce_Store -INFO - Confirm Password field Placeholder Name is Verifying
2023-04-03 18:07:56,307 - Spurtcommerce_Store -INFO - PhoneNumber field Placeholder Name is Verifying
2023-04-03 18:07:56,342 - Spurtcommerce_Store -INFO - Registration page logo is displayed
2023-04-03 18:10:29,328 - Spurtcommerce_Store -INFO - sign button is clicked
2023-04-03 18:10:30,034 - Spurtcommerce_Store -INFO - registration page is clicked
2023-04-03 18:10:33,061 - Spurtcommerce_Store -INFO - registration page url is Verified
2023-04-03 18:10:33,171 - Spurtcommerce_Store -INFO - FullName is Typing
2023-04-03 18:10:33,331 - Spurtcommerce_Store -INFO - Email is Typing
2023-04-03 18:10:33,452 - Spurtcommerce_Store -INFO - Password is Typing
2023-04-03 18:10:33,577 - Spurtcommerce_Store -INFO - Confirm Password is Typing
2023-04-03 18:10:33,699 - Spurtcommerce_Store -INFO - PhoneNumber is Typing
2023-04-03 18:10:38,764 - Spurtcommerce_Store -INFO - Register is clicking
2023-04-03 18:10:42,956 - Spurtcommerce_Store -INFO - signInbtn is clicking
2023-04-03 18:10:43,572 - Spurtcommerce_Store -INFO - RegisterNow is clicking
2023-04-03 18:10:43,616 - Spurtcommerce_Store -INFO - Register title is Verifying
2023-04-03 18:10:43,642 - Spurtcommerce_Store -INFO - FullName title is Verifying
2023-04-03 18:10:43,669 - Spurtcommerce_Store -INFO - Email title is Verifying
2023-04-03 18:10:43,693 - Spurtcommerce_Store -INFO - Password title is Verifying
2023-04-03 18:10:43,717 - Spurtcommerce_Store -INFO -  Confirm Password title is Verifying
2023-04-03 18:10:43,743 - Spurtcommerce_Store -INFO - PhoneNumber title is Verifying
2023-04-03 18:10:43,801 - Spurtcommerce_Store -INFO - REGISTER is clicking
2023-04-03 18:10:43,837 - Spurtcommerce_Store -INFO - Fullname error message is Verifying
2023-04-03 18:10:43,866 - Spurtcommerce_Store -INFO - Email error message is Verifying
2023-04-03 18:10:43,892 - Spurtcommerce_Store -INFO - Password error message is Verifying
2023-04-03 18:10:43,929 - Spurtcommerce_Store -INFO - FullName field Placeholder Name is Verifying
2023-04-03 18:10:43,961 - Spurtcommerce_Store -INFO - Email field Placeholder Name is Verifying
2023-04-03 18:10:43,988 - Spurtcommerce_Store -INFO - Password field Placeholder Name is Verifying
2023-04-03 18:10:44,013 - Spurtcommerce_Store -INFO - Confirm Password field Placeholder Name is Verifying
2023-04-03 18:10:44,035 - Spurtcommerce_Store -INFO - PhoneNumber field Placeholder Name is Verifying
2023-04-03 18:10:44,062 - Spurtcommerce_Store -INFO - Registration page logo is displayed
