2023-04-03 17:05:14,625 [main] INFO Spurtcommerce_Store - sign button is clicked
2023-04-03 17:05:15,073 [main] INFO Spurtcommerce_Store - registration page is clicked
2023-04-03 17:05:18,093 [main] INFO Spurtcommerce_Store - registration page url is Verified
2023-04-03 17:05:18,185 [main] INFO Spurtcommerce_Store - FullName is Typing
2023-04-03 17:05:18,381 [main] INFO Spurtcommerce_Store - Email is Typing
2023-04-03 17:05:18,531 [main] INFO Spurtcommerce_Store - Password is Typing
2023-04-03 17:05:18,682 [main] INFO Spurtcommerce_Store - Confirm Password is Typing
2023-04-03 17:05:18,852 [main] INFO Spurtcommerce_Store - PhoneNumber is Typing
2023-04-03 17:05:18,926 [main] INFO Spurtcommerce_Store - Register is clicking
2023-04-03 17:12:06,511 [main] INFO Spurtcommerce_Store - sign button is clicked
2023-04-03 17:12:06,979 [main] INFO Spurtcommerce_Store - registration page is clicked
2023-04-03 17:12:10,001 [main] INFO Spurtcommerce_Store - registration page url is Verified
2023-04-03 17:12:10,088 [main] INFO Spurtcommerce_Store - FullName is Typing
2023-04-03 17:12:10,300 [main] INFO Spurtcommerce_Store - Email is Typing
2023-04-03 17:12:10,460 [main] INFO Spurtcommerce_Store - Password is Typing
2023-04-03 17:12:10,596 [main] INFO Spurtcommerce_Store - Confirm Password is Typing
2023-04-03 17:12:10,732 [main] INFO Spurtcommerce_Store - PhoneNumber is Typing
2023-04-03 17:12:10,796 [main] INFO Spurtcommerce_Store - Register is clicking
2023-04-03 17:13:57,141 [main] INFO Spurtcommerce_Store - sign button is clicked
2023-04-03 17:13:57,821 [main] INFO Spurtcommerce_Store - registration page is clicked
2023-04-03 17:13:57,822 [main] INFO Spurtcommerce_Store - registration page url is Verified
2023-04-03 17:13:57,906 [main] INFO Spurtcommerce_Store - FullName is Typing
2023-04-03 17:13:58,056 [main] INFO Spurtcommerce_Store - Email is Typing
2023-04-03 17:13:58,186 [main] INFO Spurtcommerce_Store - Password is Typing
2023-04-03 17:13:58,314 [main] INFO Spurtcommerce_Store - Confirm Password is Typing
2023-04-03 17:13:58,442 [main] INFO Spurtcommerce_Store - PhoneNumber is Typing
2023-04-03 17:13:58,497 [main] INFO Spurtcommerce_Store - Register is clicking
2023-04-03 17:16:47,116 [main] INFO Spurtcommerce_Store - sign button is clicked
2023-04-03 17:16:47,888 [main] INFO Spurtcommerce_Store - registration page is clicked
2023-04-03 17:16:47,889 [main] INFO Spurtcommerce_Store - registration page url is Verified
2023-04-03 17:16:47,977 [main] INFO Spurtcommerce_Store - FullName is Typing
2023-04-03 17:16:48,137 [main] INFO Spurtcommerce_Store - Email is Typing
2023-04-03 17:16:48,264 [main] INFO Spurtcommerce_Store - Password is Typing
2023-04-03 17:16:48,383 [main] INFO Spurtcommerce_Store - Confirm Password is Typing
2023-04-03 17:16:48,505 [main] INFO Spurtcommerce_Store - PhoneNumber is Typing
2023-04-03 17:16:48,556 [main] INFO Spurtcommerce_Store - Register is clicking
2023-04-03 17:18:30,360 [main] INFO Spurtcommerce_Store - sign button is clicked
2023-04-03 17:18:31,209 [main] INFO Spurtcommerce_Store - registration page is clicked
2023-04-03 17:18:31,210 [main] INFO Spurtcommerce_Store - registration page url is Verified
2023-04-03 17:18:31,303 [main] INFO Spurtcommerce_Store - FullName is Typing
2023-04-03 17:18:31,459 [main] INFO Spurtcommerce_Store - Email is Typing
2023-04-03 17:18:31,707 [main] INFO Spurtcommerce_Store - Password is Typing
2023-04-03 17:18:31,838 [main] INFO Spurtcommerce_Store - Confirm Password is Typing
2023-04-03 17:18:31,974 [main] INFO Spurtcommerce_Store - PhoneNumber is Typing
2023-04-03 17:18:32,025 [main] INFO Spurtcommerce_Store - Register is clicking
2023-04-03 17:20:46,326 [main] INFO Spurtcommerce_Store - sign button is clicked
2023-04-03 17:20:47,358 [main] INFO Spurtcommerce_Store - registration page is clicked
2023-04-03 17:20:47,360 [main] INFO Spurtcommerce_Store - registration page url is Verified
2023-04-03 17:20:47,455 [main] INFO Spurtcommerce_Store - FullName is Typing
2023-04-03 17:20:47,611 [main] INFO Spurtcommerce_Store - Email is Typing
2023-04-03 17:20:47,738 [main] INFO Spurtcommerce_Store - Password is Typing
2023-04-03 17:20:47,875 [main] INFO Spurtcommerce_Store - Confirm Password is Typing
2023-04-03 17:20:48,000 [main] INFO Spurtcommerce_Store - PhoneNumber is Typing
2023-04-03 17:20:48,060 [main] INFO Spurtcommerce_Store - Register is clicking
2023-04-03 17:22:54,118 [main] INFO Spurtcommerce_Store - sign button is clicked
2023-04-03 17:22:54,846 [main] INFO Spurtcommerce_Store - registration page is clicked
2023-04-03 17:22:54,847 [main] INFO Spurtcommerce_Store - registration page url is Verified
2023-04-03 17:22:54,943 [main] INFO Spurtcommerce_Store - FullName is Typing
2023-04-03 17:22:55,109 [main] INFO Spurtcommerce_Store - Email is Typing
2023-04-03 17:22:55,244 [main] INFO Spurtcommerce_Store - Password is Typing
2023-04-03 17:22:55,377 [main] INFO Spurtcommerce_Store - Confirm Password is Typing
2023-04-03 17:22:55,511 [main] INFO Spurtcommerce_Store - PhoneNumber is Typing
2023-04-03 17:22:55,570 [main] INFO Spurtcommerce_Store - Register is clicking
2023-04-03 17:23:56,435 [main] INFO Spurtcommerce_Store - sign button is clicked
2023-04-03 17:23:56,998 [main] INFO Spurtcommerce_Store - registration page is clicked
2023-04-03 17:23:56,998 [main] INFO Spurtcommerce_Store - registration page url is Verified
2023-04-03 17:23:57,094 [main] INFO Spurtcommerce_Store - FullName is Typing
2023-04-03 17:23:57,261 [main] INFO Spurtcommerce_Store - Email is Typing
2023-04-03 17:23:57,391 [main] INFO Spurtcommerce_Store - Password is Typing
2023-04-03 17:23:57,518 [main] INFO Spurtcommerce_Store - Confirm Password is Typing
2023-04-03 17:23:57,649 [main] INFO Spurtcommerce_Store - PhoneNumber is Typing
2023-04-03 17:23:57,708 [main] INFO Spurtcommerce_Store - Register is clicking
2023-04-03 17:25:23,666 [main] INFO Spurtcommerce_Store - sign button is clicked
2023-04-03 17:25:24,323 [main] INFO Spurtcommerce_Store - registration page is clicked
2023-04-03 17:25:24,324 [main] INFO Spurtcommerce_Store - registration page url is Verified
2023-04-03 17:25:24,417 [main] INFO Spurtcommerce_Store - FullName is Typing
2023-04-03 17:25:24,584 [main] INFO Spurtcommerce_Store - Email is Typing
2023-04-03 17:25:24,720 [main] INFO Spurtcommerce_Store - Password is Typing
2023-04-03 17:25:24,850 [main] INFO Spurtcommerce_Store - Confirm Password is Typing
2023-04-03 17:25:24,982 [main] INFO Spurtcommerce_Store - PhoneNumber is Typing
2023-04-03 17:25:25,035 [main] INFO Spurtcommerce_Store - Register is clicking
2023-04-03 17:40:13,778 [main] INFO Spurtcommerce_Store - sign button is clicked
2023-04-03 17:40:15,809 [main] INFO Spurtcommerce_Store - registration page is clicked
2023-04-03 17:40:15,812 [main] INFO Spurtcommerce_Store - registration page url is Verified
2023-04-03 17:40:15,979 [main] INFO Spurtcommerce_Store - FullName is Typing
2023-04-03 17:40:16,209 [main] INFO Spurtcommerce_Store - Email is Typing
2023-04-03 17:40:16,409 [main] INFO Spurtcommerce_Store - Password is Typing
2023-04-03 17:40:16,599 [main] INFO Spurtcommerce_Store - Confirm Password is Typing
2023-04-03 17:40:16,784 [main] INFO Spurtcommerce_Store - PhoneNumber is Typing
2023-04-03 17:40:16,864 [main] INFO Spurtcommerce_Store - Register is clicking
2023-04-03 17:40:23,619 [main] INFO Spurtcommerce_Store - signInbtn is clicking
2023-04-03 17:40:24,319 [main] INFO Spurtcommerce_Store - RegisterNow is clicking
2023-04-03 17:40:24,356 [main] INFO Spurtcommerce_Store - Register title is Verifying
2023-04-03 17:40:24,382 [main] INFO Spurtcommerce_Store - FullName title is Verifying
2023-04-03 17:40:24,406 [main] INFO Spurtcommerce_Store - Email title is Verifying
2023-04-03 17:40:24,433 [main] INFO Spurtcommerce_Store - Password title is Verifying
2023-04-03 17:40:24,458 [main] INFO Spurtcommerce_Store -  Confirm Password title is Verifying
2023-04-03 17:40:24,491 [main] INFO Spurtcommerce_Store - PhoneNumber title is Verifying
2023-04-03 17:40:24,548 [main] INFO Spurtcommerce_Store - REGISTER is clicking
2023-04-03 17:40:24,581 [main] INFO Spurtcommerce_Store - Fullname error message is Verifying
2023-04-03 17:40:24,605 [main] INFO Spurtcommerce_Store - Email error message is Verifying
2023-04-03 17:40:24,631 [main] INFO Spurtcommerce_Store - Password error message is Verifying
2023-04-03 17:40:24,667 [main] INFO Spurtcommerce_Store - FullName field Placeholder Name is Verifying
2023-04-03 17:40:24,697 [main] INFO Spurtcommerce_Store - Email field Placeholder Name is Verifying
2023-04-03 17:40:24,721 [main] INFO Spurtcommerce_Store - Password field Placeholder Name is Verifying
2023-04-03 17:40:24,748 [main] INFO Spurtcommerce_Store - Confirm Password field Placeholder Name is Verifying
2023-04-03 17:40:24,771 [main] INFO Spurtcommerce_Store - PhoneNumber field Placeholder Name is Verifying
2023-04-03 17:40:24,800 [main] INFO Spurtcommerce_Store - Registration page logo is displayed
2023-04-03 17:52:31,193 [main] INFO Spurtcommerce_Store - sign button is clicked
2023-04-03 17:52:31,896 [main] INFO Spurtcommerce_Store - registration page is clicked
2023-04-03 17:52:31,901 [main] INFO Spurtcommerce_Store - registration page url is Verified
2023-04-03 17:52:32,005 [main] INFO Spurtcommerce_Store - FullName is Typing
2023-04-03 17:52:32,176 [main] INFO Spurtcommerce_Store - Email is Typing
2023-04-03 17:52:32,303 [main] INFO Spurtcommerce_Store - Password is Typing
2023-04-03 17:52:32,430 [main] INFO Spurtcommerce_Store - Confirm Password is Typing
2023-04-03 17:52:32,547 [main] INFO Spurtcommerce_Store - PhoneNumber is Typing
2023-04-03 17:52:32,611 [main] INFO Spurtcommerce_Store - Register is clicking
2023-04-03 17:52:41,955 [main] INFO Spurtcommerce_Store - signInbtn is clicking
2023-04-03 17:52:42,723 [main] INFO Spurtcommerce_Store - RegisterNow is clicking
2023-04-03 17:52:42,763 [main] INFO Spurtcommerce_Store - Register title is Verifying
2023-04-03 17:52:42,791 [main] INFO Spurtcommerce_Store - FullName title is Verifying
2023-04-03 17:52:42,822 [main] INFO Spurtcommerce_Store - Email title is Verifying
2023-04-03 17:52:42,850 [main] INFO Spurtcommerce_Store - Password title is Verifying
2023-04-03 17:52:42,877 [main] INFO Spurtcommerce_Store -  Confirm Password title is Verifying
2023-04-03 17:52:42,907 [main] INFO Spurtcommerce_Store - PhoneNumber title is Verifying
2023-04-03 17:52:42,970 [main] INFO Spurtcommerce_Store - REGISTER is clicking
2023-04-03 17:52:43,010 [main] INFO Spurtcommerce_Store - Fullname error message is Verifying
2023-04-03 17:52:43,037 [main] INFO Spurtcommerce_Store - Email error message is Verifying
2023-04-03 17:52:43,063 [main] INFO Spurtcommerce_Store - Password error message is Verifying
2023-04-03 17:52:43,102 [main] INFO Spurtcommerce_Store - FullName field Placeholder Name is Verifying
2023-04-03 17:52:43,133 [main] INFO Spurtcommerce_Store - Email field Placeholder Name is Verifying
2023-04-03 17:52:43,159 [main] INFO Spurtcommerce_Store - Password field Placeholder Name is Verifying
2023-04-03 17:52:43,183 [main] INFO Spurtcommerce_Store - Confirm Password field Placeholder Name is Verifying
2023-04-03 17:52:43,206 [main] INFO Spurtcommerce_Store - PhoneNumber field Placeholder Name is Verifying
2023-04-03 17:52:43,232 [main] INFO Spurtcommerce_Store - Registration page logo is displayed
2023-04-03 17:54:49,948 [main] INFO Spurtcommerce_Store - sign button is clicked
2023-04-03 17:54:50,285 [main] INFO Spurtcommerce_Store - registration page is clicked
2023-04-03 17:54:50,290 [main] INFO Spurtcommerce_Store - registration page url is Verified
2023-04-03 17:54:59,270 [main] INFO Spurtcommerce_Store - signInbtn is clicking
2023-04-03 17:54:59,945 [main] INFO Spurtcommerce_Store - RegisterNow is clicking
2023-04-03 17:54:59,979 [main] INFO Spurtcommerce_Store - Register title is Verifying
2023-04-03 17:55:00,007 [main] INFO Spurtcommerce_Store - FullName title is Verifying
2023-04-03 17:55:00,039 [main] INFO Spurtcommerce_Store - Email title is Verifying
2023-04-03 17:55:00,070 [main] INFO Spurtcommerce_Store - Password title is Verifying
2023-04-03 17:55:00,108 [main] INFO Spurtcommerce_Store -  Confirm Password title is Verifying
2023-04-03 17:55:00,149 [main] INFO Spurtcommerce_Store - PhoneNumber title is Verifying
2023-04-03 17:55:00,204 [main] INFO Spurtcommerce_Store - REGISTER is clicking
2023-04-03 17:55:00,243 [main] INFO Spurtcommerce_Store - Fullname error message is Verifying
2023-04-03 17:55:00,270 [main] INFO Spurtcommerce_Store - Email error message is Verifying
2023-04-03 17:55:00,295 [main] INFO Spurtcommerce_Store - Password error message is Verifying
2023-04-03 17:55:00,332 [main] INFO Spurtcommerce_Store - FullName field Placeholder Name is Verifying
2023-04-03 17:55:00,379 [main] INFO Spurtcommerce_Store - Email field Placeholder Name is Verifying
2023-04-03 17:55:00,404 [main] INFO Spurtcommerce_Store - Password field Placeholder Name is Verifying
2023-04-03 17:55:00,429 [main] INFO Spurtcommerce_Store - Confirm Password field Placeholder Name is Verifying
2023-04-03 17:55:00,453 [main] INFO Spurtcommerce_Store - PhoneNumber field Placeholder Name is Verifying
2023-04-03 17:55:00,484 [main] INFO Spurtcommerce_Store - Registration page logo is displayed
2023-04-03 17:56:11,089 [main] INFO Spurtcommerce_Store - sign button is clicked
2023-04-03 17:56:11,829 [main] INFO Spurtcommerce_Store - registration page is clicked
2023-04-03 17:56:11,831 [main] INFO Spurtcommerce_Store - registration page url is Verified
2023-04-03 17:56:11,919 [main] INFO Spurtcommerce_Store - FullName is Typing
2023-04-03 17:56:12,229 [main] INFO Spurtcommerce_Store - Email is Typing
2023-04-03 17:56:12,346 [main] INFO Spurtcommerce_Store - Password is Typing
2023-04-03 17:56:12,451 [main] INFO Spurtcommerce_Store - Confirm Password is Typing
2023-04-03 17:56:12,573 [main] INFO Spurtcommerce_Store - PhoneNumber is Typing
2023-04-03 17:56:12,629 [main] INFO Spurtcommerce_Store - Register is clicking
2023-04-03 17:56:18,485 [main] INFO Spurtcommerce_Store - signInbtn is clicking
2023-04-03 17:56:18,957 [main] INFO Spurtcommerce_Store - RegisterNow is clicking
2023-04-03 17:56:18,999 [main] INFO Spurtcommerce_Store - Register title is Verifying
2023-04-03 17:56:19,053 [main] INFO Spurtcommerce_Store - FullName title is Verifying
2023-04-03 17:56:19,093 [main] INFO Spurtcommerce_Store - Email title is Verifying
2023-04-03 17:56:19,124 [main] INFO Spurtcommerce_Store - Password title is Verifying
2023-04-03 17:56:19,153 [main] INFO Spurtcommerce_Store -  Confirm Password title is Verifying
2023-04-03 17:56:19,177 [main] INFO Spurtcommerce_Store - PhoneNumber title is Verifying
2023-04-03 17:56:19,229 [main] INFO Spurtcommerce_Store - REGISTER is clicking
2023-04-03 17:56:19,265 [main] INFO Spurtcommerce_Store - Fullname error message is Verifying
2023-04-03 17:56:19,297 [main] INFO Spurtcommerce_Store - Email error message is Verifying
2023-04-03 17:56:19,324 [main] INFO Spurtcommerce_Store - Password error message is Verifying
2023-04-03 17:56:19,361 [main] INFO Spurtcommerce_Store - FullName field Placeholder Name is Verifying
2023-04-03 17:56:19,392 [main] INFO Spurtcommerce_Store - Email field Placeholder Name is Verifying
2023-04-03 17:56:19,418 [main] INFO Spurtcommerce_Store - Password field Placeholder Name is Verifying
2023-04-03 17:56:19,446 [main] INFO Spurtcommerce_Store - Confirm Password field Placeholder Name is Verifying
2023-04-03 17:56:19,474 [main] INFO Spurtcommerce_Store - PhoneNumber field Placeholder Name is Verifying
2023-04-03 17:56:19,504 [main] INFO Spurtcommerce_Store - Registration page logo is displayed
2023-04-03 17:59:44,005 [main] INFO Spurtcommerce_Store - sign button is clicked
2023-04-03 17:59:44,922 [main] INFO Spurtcommerce_Store - registration page is clicked
2023-04-03 17:59:44,925 [main] INFO Spurtcommerce_Store - registration page url is Verified
2023-04-03 17:59:45,018 [main] INFO Spurtcommerce_Store - FullName is Typing
2023-04-03 17:59:45,181 [main] INFO Spurtcommerce_Store - Email is Typing
2023-04-03 17:59:45,307 [main] INFO Spurtcommerce_Store - Password is Typing
2023-04-03 17:59:45,433 [main] INFO Spurtcommerce_Store - Confirm Password is Typing
2023-04-03 17:59:45,555 [main] INFO Spurtcommerce_Store - PhoneNumber is Typing
2023-04-03 17:59:45,620 [main] INFO Spurtcommerce_Store - Register is clicking
2023-04-03 17:59:50,671 [main] INFO Spurtcommerce_Store - Registration  is successful
2023-04-03 17:59:54,829 [main] INFO Spurtcommerce_Store - signInbtn is clicking
2023-04-03 17:59:55,572 [main] INFO Spurtcommerce_Store - RegisterNow is clicking
2023-04-03 17:59:55,607 [main] INFO Spurtcommerce_Store - Register title is Verifying
2023-04-03 17:59:55,636 [main] INFO Spurtcommerce_Store - FullName title is Verifying
2023-04-03 17:59:55,670 [main] INFO Spurtcommerce_Store - Email title is Verifying
2023-04-03 17:59:55,699 [main] INFO Spurtcommerce_Store - Password title is Verifying
2023-04-03 17:59:55,733 [main] INFO Spurtcommerce_Store -  Confirm Password title is Verifying
2023-04-03 17:59:55,761 [main] INFO Spurtcommerce_Store - PhoneNumber title is Verifying
2023-04-03 17:59:55,820 [main] INFO Spurtcommerce_Store - REGISTER is clicking
2023-04-03 17:59:55,859 [main] INFO Spurtcommerce_Store - Fullname error message is Verifying
2023-04-03 17:59:55,885 [main] INFO Spurtcommerce_Store - Email error message is Verifying
2023-04-03 17:59:55,913 [main] INFO Spurtcommerce_Store - Password error message is Verifying
2023-04-03 17:59:55,959 [main] INFO Spurtcommerce_Store - FullName field Placeholder Name is Verifying
2023-04-03 17:59:56,000 [main] INFO Spurtcommerce_Store - Email field Placeholder Name is Verifying
2023-04-03 17:59:56,030 [main] INFO Spurtcommerce_Store - Password field Placeholder Name is Verifying
2023-04-03 17:59:56,067 [main] INFO Spurtcommerce_Store - Confirm Password field Placeholder Name is Verifying
2023-04-03 17:59:56,094 [main] INFO Spurtcommerce_Store - PhoneNumber field Placeholder Name is Verifying
2023-04-03 17:59:56,131 [main] INFO Spurtcommerce_Store - Registration page logo is displayed
2023-04-03 18:01:40,108 [main] INFO Spurtcommerce_Store - sign button is clicked
2023-04-03 18:01:40,940 [main] INFO Spurtcommerce_Store - registration page is clicked
2023-04-03 18:01:40,943 [main] INFO Spurtcommerce_Store - registration page url is Verified
2023-04-03 18:01:41,044 [main] INFO Spurtcommerce_Store - FullName is Typing
2023-04-03 18:01:41,205 [main] INFO Spurtcommerce_Store - Email is Typing
2023-04-03 18:01:41,331 [main] INFO Spurtcommerce_Store - Password is Typing
2023-04-03 18:01:41,450 [main] INFO Spurtcommerce_Store - Confirm Password is Typing
2023-04-03 18:01:41,578 [main] INFO Spurtcommerce_Store - PhoneNumber is Typing
2023-04-03 18:01:41,642 [main] INFO Spurtcommerce_Store - Register is clicking
2023-04-03 18:01:46,043 [main] INFO Spurtcommerce_Store - signInbtn is clicking
2023-04-03 18:01:46,677 [main] INFO Spurtcommerce_Store - RegisterNow is clicking
2023-04-03 18:01:46,716 [main] INFO Spurtcommerce_Store - Register title is Verifying
2023-04-03 18:01:46,750 [main] INFO Spurtcommerce_Store - FullName title is Verifying
2023-04-03 18:01:46,782 [main] INFO Spurtcommerce_Store - Email title is Verifying
2023-04-03 18:01:46,812 [main] INFO Spurtcommerce_Store - Password title is Verifying
2023-04-03 18:01:46,841 [main] INFO Spurtcommerce_Store -  Confirm Password title is Verifying
2023-04-03 18:01:46,873 [main] INFO Spurtcommerce_Store - PhoneNumber title is Verifying
2023-04-03 18:01:46,929 [main] INFO Spurtcommerce_Store - REGISTER is clicking
2023-04-03 18:01:46,970 [main] INFO Spurtcommerce_Store - Fullname error message is Verifying
2023-04-03 18:01:46,998 [main] INFO Spurtcommerce_Store - Email error message is Verifying
2023-04-03 18:01:47,024 [main] INFO Spurtcommerce_Store - Password error message is Verifying
2023-04-03 18:01:47,062 [main] INFO Spurtcommerce_Store - FullName field Placeholder Name is Verifying
2023-04-03 18:01:47,097 [main] INFO Spurtcommerce_Store - Email field Placeholder Name is Verifying
2023-04-03 18:01:47,122 [main] INFO Spurtcommerce_Store - Password field Placeholder Name is Verifying
2023-04-03 18:01:47,151 [main] INFO Spurtcommerce_Store - Confirm Password field Placeholder Name is Verifying
2023-04-03 18:01:47,176 [main] INFO Spurtcommerce_Store - PhoneNumber field Placeholder Name is Verifying
2023-04-03 18:01:47,208 [main] INFO Spurtcommerce_Store - Registration page logo is displayed
2023-04-03 18:03:38,119 [main] INFO Spurtcommerce_Store - sign button is clicked
2023-04-03 18:03:38,827 [main] INFO Spurtcommerce_Store - registration page is clicked
2023-04-03 18:03:38,830 [main] INFO Spurtcommerce_Store - registration page url is Verified
2023-04-03 18:03:38,968 [main] INFO Spurtcommerce_Store - FullName is Typing
2023-04-03 18:03:39,135 [main] INFO Spurtcommerce_Store - Email is Typing
2023-04-03 18:03:39,268 [main] INFO Spurtcommerce_Store - Password is Typing
2023-04-03 18:03:39,407 [main] INFO Spurtcommerce_Store - Confirm Password is Typing
2023-04-03 18:03:39,555 [main] INFO Spurtcommerce_Store - PhoneNumber is Typing
2023-04-03 18:03:39,622 [main] INFO Spurtcommerce_Store - Register is clicking
2023-04-03 18:03:45,549 [main] INFO Spurtcommerce_Store - signInbtn is clicking
2023-04-03 18:03:46,206 [main] INFO Spurtcommerce_Store - RegisterNow is clicking
2023-04-03 18:03:46,240 [main] INFO Spurtcommerce_Store - Register title is Verifying
2023-04-03 18:03:46,268 [main] INFO Spurtcommerce_Store - FullName title is Verifying
2023-04-03 18:03:46,296 [main] INFO Spurtcommerce_Store - Email title is Verifying
2023-04-03 18:03:46,321 [main] INFO Spurtcommerce_Store - Password title is Verifying
2023-04-03 18:03:46,345 [main] INFO Spurtcommerce_Store -  Confirm Password title is Verifying
2023-04-03 18:03:46,371 [main] INFO Spurtcommerce_Store - PhoneNumber title is Verifying
2023-04-03 18:03:46,433 [main] INFO Spurtcommerce_Store - REGISTER is clicking
2023-04-03 18:03:46,465 [main] INFO Spurtcommerce_Store - Fullname error message is Verifying
2023-04-03 18:03:46,497 [main] INFO Spurtcommerce_Store - Email error message is Verifying
2023-04-03 18:03:46,528 [main] INFO Spurtcommerce_Store - Password error message is Verifying
2023-04-03 18:03:46,573 [main] INFO Spurtcommerce_Store - FullName field Placeholder Name is Verifying
2023-04-03 18:03:46,608 [main] INFO Spurtcommerce_Store - Email field Placeholder Name is Verifying
2023-04-03 18:03:46,632 [main] INFO Spurtcommerce_Store - Password field Placeholder Name is Verifying
2023-04-03 18:03:46,662 [main] INFO Spurtcommerce_Store - Confirm Password field Placeholder Name is Verifying
2023-04-03 18:03:46,686 [main] INFO Spurtcommerce_Store - PhoneNumber field Placeholder Name is Verifying
2023-04-03 18:03:46,715 [main] INFO Spurtcommerce_Store - Registration page logo is displayed
2023-04-03 18:07:40,993 [main] INFO Spurtcommerce_Store - sign button is clicked
2023-04-03 18:07:41,687 [main] INFO Spurtcommerce_Store - registration page is clicked
2023-04-03 18:07:44,701 [main] INFO Spurtcommerce_Store - registration page url is Verified
2023-04-03 18:07:44,854 [main] INFO Spurtcommerce_Store - FullName is Typing
2023-04-03 18:07:45,091 [main] INFO Spurtcommerce_Store - Email is Typing
2023-04-03 18:07:45,257 [main] INFO Spurtcommerce_Store - Password is Typing
2023-04-03 18:07:45,420 [main] INFO Spurtcommerce_Store - Confirm Password is Typing
2023-04-03 18:07:45,563 [main] INFO Spurtcommerce_Store - PhoneNumber is Typing
2023-04-03 18:07:50,634 [main] INFO Spurtcommerce_Store - Register is clicking
2023-04-03 18:07:55,020 [main] INFO Spurtcommerce_Store - signInbtn is clicking
2023-04-03 18:07:55,843 [main] INFO Spurtcommerce_Store - RegisterNow is clicking
2023-04-03 18:07:55,876 [main] INFO Spurtcommerce_Store - Register title is Verifying
2023-04-03 18:07:55,905 [main] INFO Spurtcommerce_Store - FullName title is Verifying
2023-04-03 18:07:55,936 [main] INFO Spurtcommerce_Store - Email title is Verifying
2023-04-03 18:07:55,962 [main] INFO Spurtcommerce_Store - Password title is Verifying
2023-04-03 18:07:55,990 [main] INFO Spurtcommerce_Store -  Confirm Password title is Verifying
2023-04-03 18:07:56,018 [main] INFO Spurtcommerce_Store - PhoneNumber title is Verifying
2023-04-03 18:07:56,073 [main] INFO Spurtcommerce_Store - REGISTER is clicking
2023-04-03 18:07:56,109 [main] INFO Spurtcommerce_Store - Fullname error message is Verifying
2023-04-03 18:07:56,133 [main] INFO Spurtcommerce_Store - Email error message is Verifying
2023-04-03 18:07:56,158 [main] INFO Spurtcommerce_Store - Password error message is Verifying
2023-04-03 18:07:56,195 [main] INFO Spurtcommerce_Store - FullName field Placeholder Name is Verifying
2023-04-03 18:07:56,229 [main] INFO Spurtcommerce_Store - Email field Placeholder Name is Verifying
2023-04-03 18:07:56,256 [main] INFO Spurtcommerce_Store - Password field Placeholder Name is Verifying
2023-04-03 18:07:56,279 [main] INFO Spurtcommerce_Store - Confirm Password field Placeholder Name is Verifying
2023-04-03 18:07:56,307 [main] INFO Spurtcommerce_Store - PhoneNumber field Placeholder Name is Verifying
2023-04-03 18:07:56,342 [main] INFO Spurtcommerce_Store - Registration page logo is displayed
2023-04-03 18:10:29,328 [main] INFO Spurtcommerce_Store - sign button is clicked
2023-04-03 18:10:30,034 [main] INFO Spurtcommerce_Store - registration page is clicked
2023-04-03 18:10:33,061 [main] INFO Spurtcommerce_Store - registration page url is Verified
2023-04-03 18:10:33,171 [main] INFO Spurtcommerce_Store - FullName is Typing
2023-04-03 18:10:33,331 [main] INFO Spurtcommerce_Store - Email is Typing
2023-04-03 18:10:33,452 [main] INFO Spurtcommerce_Store - Password is Typing
2023-04-03 18:10:33,577 [main] INFO Spurtcommerce_Store - Confirm Password is Typing
2023-04-03 18:10:33,699 [main] INFO Spurtcommerce_Store - PhoneNumber is Typing
2023-04-03 18:10:38,764 [main] INFO Spurtcommerce_Store - Register is clicking
2023-04-03 18:10:42,956 [main] INFO Spurtcommerce_Store - signInbtn is clicking
2023-04-03 18:10:43,572 [main] INFO Spurtcommerce_Store - RegisterNow is clicking
2023-04-03 18:10:43,616 [main] INFO Spurtcommerce_Store - Register title is Verifying
2023-04-03 18:10:43,642 [main] INFO Spurtcommerce_Store - FullName title is Verifying
2023-04-03 18:10:43,669 [main] INFO Spurtcommerce_Store - Email title is Verifying
2023-04-03 18:10:43,693 [main] INFO Spurtcommerce_Store - Password title is Verifying
2023-04-03 18:10:43,717 [main] INFO Spurtcommerce_Store -  Confirm Password title is Verifying
2023-04-03 18:10:43,743 [main] INFO Spurtcommerce_Store - PhoneNumber title is Verifying
2023-04-03 18:10:43,801 [main] INFO Spurtcommerce_Store - REGISTER is clicking
2023-04-03 18:10:43,837 [main] INFO Spurtcommerce_Store - Fullname error message is Verifying
2023-04-03 18:10:43,866 [main] INFO Spurtcommerce_Store - Email error message is Verifying
2023-04-03 18:10:43,892 [main] INFO Spurtcommerce_Store - Password error message is Verifying
2023-04-03 18:10:43,929 [main] INFO Spurtcommerce_Store - FullName field Placeholder Name is Verifying
2023-04-03 18:10:43,961 [main] INFO Spurtcommerce_Store - Email field Placeholder Name is Verifying
2023-04-03 18:10:43,988 [main] INFO Spurtcommerce_Store - Password field Placeholder Name is Verifying
2023-04-03 18:10:44,013 [main] INFO Spurtcommerce_Store - Confirm Password field Placeholder Name is Verifying
2023-04-03 18:10:44,035 [main] INFO Spurtcommerce_Store - PhoneNumber field Placeholder Name is Verifying
2023-04-03 18:10:44,062 [main] INFO Spurtcommerce_Store - Registration page logo is displayed
