#
# There is insufficient memory for the Java Runtime Environment to continue.
# Native memory allocation (malloc) failed to allocate 903696 bytes for Chunk::new
# Possible reasons:
#   The system is out of physical RAM or swap space
#   The process is running with CompressedOops enabled, and the Java Heap may be blocking the growth of the native heap
# Possible solutions:
#   Reduce memory load on the system
#   Increase physical memory or swap space
#   Check if swap backing store is full
#   Decrease Java heap size (-Xmx/-Xms)
#   Decrease number of Java threads
#   Decrease Java thread stack sizes (-Xss)
#   Set larger code cache with -XX:ReservedCodeCacheSize=
#   JVM is running with Unscaled Compressed Oops mode in which the Java heap is
#     placed in the first 4GB address space. The Java Heap base address is the
#     maximum limit for the native heap growth. Please use -XX:HeapBaseMinAddress
#     to set the Java Heap base and to place the Java Heap above 4GB virtual address.
# This output file may be truncated or incomplete.
#
#  Out of Memory Error (arena.cpp:189), pid=7760, tid=6460
#
# JRE version: OpenJDK Runtime Environment Temurin-17.0.6+10 (17.0.6+10) (build 17.0.6+10)
# Java VM: OpenJDK 64-Bit Server VM Temurin-17.0.6+10 (17.0.6+10, mixed mode, tiered, compressed oops, compressed class ptrs, g1 gc, windows-amd64)
# No core dump will be written. Minidumps are not enabled by default on client versions of Windows
#

---------------  S U M M A R Y ------------

Command Line: -ea -Dfile.encoding=UTF-8 -XX:+ShowCodeDetailsInExceptionMessages org.testng.remote.RemoteTestNG -serport 59983 -protocol json -d C:\Users\Picco\eclipse-workspace\Selenium\test-output C:\Users\Picco\AppData\Local\Temp\testng-eclipse--914730919\testng-customsuite.xml

Host: Intel(R) Core(TM) i3-1005G1 CPU @ 1.20GHz, 4 cores, 7G,  Windows 10 , 64 bit Build 19041 (10.0.19041.2364)
Time: Thu Feb  9 18:33:51 2023 India Standard Time elapsed time: 10.809203 seconds (0d 0h 0m 10s)

---------------  T H R E A D  ---------------

Current thread (0x000002141201b200):  JavaThread "C2 CompilerThread0" daemon [_thread_in_native, id=6460, stack(0x0000005bff900000,0x0000005bffa00000)]


Current CompileTask:
C2:  10809 2054       4       java.lang.invoke.MethodType::makeImpl (109 bytes)

Stack: [0x0000005bff900000,0x0000005bffa00000]
Native frames: (J=compiled Java code, j=interpreted, Vv=VM code, C=native code)
V  [jvm.dll+0x67741a]
V  [jvm.dll+0x834434]
V  [jvm.dll+0x835bde]
V  [jvm.dll+0x836243]
V  [jvm.dll+0x2457b5]
V  [jvm.dll+0xabafc]
V  [jvm.dll+0xac0cc]
V  [jvm.dll+0x2ac94f]
V  [jvm.dll+0x57de47]
V  [jvm.dll+0x220812]
V  [jvm.dll+0x220bef]
V  [jvm.dll+0x21a445]
V  [jvm.dll+0x21790b]
V  [jvm.dll+0x1a3d0d]
V  [jvm.dll+0x22742a]
V  [jvm.dll+0x225565]
V  [jvm.dll+0x7ea2cb]
V  [jvm.dll+0x7e483a]
V  [jvm.dll+0x6762c5]
C  [ucrtbase.dll+0x21bb2]
C  [KERNEL32.DLL+0x17614]
C  [ntdll.dll+0x526a1]


---------------  P R O C E S S  ---------------

Threads class SMR info:
_java_thread_list=0x000002141429b290, length=24, elements={
0x0000021477d09da0, 0x00000214113fa3e0, 0x00000214113fb210, 0x000002141141d010,
0x000002141141e160, 0x000002141200b090, 0x000002141200d990, 0x000002141201b200,
0x000002141201d2d0, 0x000002141202df60, 0x000002141219eeb0, 0x00000214121b7460,
0x0000021412602910, 0x0000021412b14730, 0x0000021414086060, 0x0000021414031040,
0x00000214141d59c0, 0x00000214141d5e90, 0x00000214141d6360, 0x0000021414157370,
0x0000021414154820, 0x0000021414157840, 0x0000021414157d10, 0x00000214146eb990
}

Java Threads: ( => current thread )
  0x0000021477d09da0 JavaThread "main" [_thread_in_native, id=5344, stack(0x0000005bfec00000,0x0000005bfed00000)]
  0x00000214113fa3e0 JavaThread "Reference Handler" daemon [_thread_blocked, id=12532, stack(0x0000005bff300000,0x0000005bff400000)]
  0x00000214113fb210 JavaThread "Finalizer" daemon [_thread_blocked, id=10708, stack(0x0000005bff400000,0x0000005bff500000)]
  0x000002141141d010 JavaThread "Signal Dispatcher" daemon [_thread_blocked, id=8324, stack(0x0000005bff500000,0x0000005bff600000)]
  0x000002141141e160 JavaThread "Attach Listener" daemon [_thread_blocked, id=8500, stack(0x0000005bff600000,0x0000005bff700000)]
  0x000002141200b090 JavaThread "Service Thread" daemon [_thread_blocked, id=1016, stack(0x0000005bff700000,0x0000005bff800000)]
  0x000002141200d990 JavaThread "Monitor Deflation Thread" daemon [_thread_blocked, id=12920, stack(0x0000005bff800000,0x0000005bff900000)]
=>0x000002141201b200 JavaThread "C2 CompilerThread0" daemon [_thread_in_native, id=6460, stack(0x0000005bff900000,0x0000005bffa00000)]
  0x000002141201d2d0 JavaThread "C1 CompilerThread0" daemon [_thread_blocked, id=9736, stack(0x0000005bffa00000,0x0000005bffb00000)]
  0x000002141202df60 JavaThread "Sweeper thread" daemon [_thread_blocked, id=11104, stack(0x0000005bffb00000,0x0000005bffc00000)]
  0x000002141219eeb0 JavaThread "Notification Thread" daemon [_thread_blocked, id=5612, stack(0x0000005bffc00000,0x0000005bffd00000)]
  0x00000214121b7460 JavaThread "Common-Cleaner" daemon [_thread_blocked, id=5252, stack(0x0000005bffe00000,0x0000005bfff00000)]
  0x0000021412602910 JavaThread "ForkJoinPool.commonPool-worker-1" daemon [_thread_blocked, id=12132, stack(0x0000005b80400000,0x0000005b80500000)]
  0x0000021412b14730 JavaThread "AsyncHttpClient-1-1" daemon [_thread_blocked, id=8028, stack(0x0000005b80500000,0x0000005b80600000)]
  0x0000021414086060 JavaThread "Exec Default Executor" daemon [_thread_in_native, id=12188, stack(0x0000005b80700000,0x0000005b80800000)]
  0x0000021414031040 JavaThread "Exec Stream Pumper" daemon [_thread_in_native, id=14072, stack(0x0000005b80800000,0x0000005b80900000)]
  0x00000214141d59c0 JavaThread "Exec Stream Pumper" daemon [_thread_in_native, id=7144, stack(0x0000005b80900000,0x0000005b80a00000)]
  0x00000214141d5e90 JavaThread "Driver Service Executor" daemon [_thread_blocked, id=12712, stack(0x0000005b80a00000,0x0000005b80b00000)]
  0x00000214141d6360 JavaThread "Driver Service Executor" daemon [_thread_blocked, id=10236, stack(0x0000005b80b00000,0x0000005b80c00000)]
  0x0000021414157370 JavaThread "UrlChecker-2" daemon [_thread_blocked, id=3684, stack(0x0000005b80c00000,0x0000005b80d00000)]
  0x0000021414154820 JavaThread "AsyncHttpClient-1-2" daemon [_thread_in_native, id=11340, stack(0x0000005b80d00000,0x0000005b80e00000)]
  0x0000021414157840 JavaThread "AsyncHttpClient-1-3" daemon [_thread_in_native, id=12824, stack(0x0000005b80e00000,0x0000005b80f00000)]
  0x0000021414157d10 JavaThread "AsyncHttpClient-1-4" daemon [_thread_in_native, id=7024, stack(0x0000005b80f00000,0x0000005b81000000)]
  0x00000214146eb990 JavaThread "C2 CompilerThread1" daemon [_thread_in_native, id=6036, stack(0x0000005b80600000,0x0000005b80700000)]

Other Threads:
  0x00000214113d68a0 VMThread "VM Thread" [stack: 0x0000005bff200000,0x0000005bff300000] [id=2824]
  0x00000214113651a0 WatcherThread [stack: 0x0000005bffd00000,0x0000005bffe00000] [id=13568]
  0x0000021477d64ba0 GCTaskThread "GC Thread#0" [stack: 0x0000005bfed00000,0x0000005bfee00000] [id=7192]
  0x00000214121c7000 GCTaskThread "GC Thread#1" [stack: 0x0000005b80100000,0x0000005b80200000] [id=5352]
  0x00000214121c6290 GCTaskThread "GC Thread#2" [stack: 0x0000005b80200000,0x0000005b80300000] [id=11980]
  0x00000214121c5520 GCTaskThread "GC Thread#3" [stack: 0x0000005b80300000,0x0000005b80400000] [id=3688]
  0x0000021477d75420 ConcurrentGCThread "G1 Main Marker" [stack: 0x0000005bfee00000,0x0000005bfef00000] [id=6944]
  0x0000021477d765d0 ConcurrentGCThread "G1 Conc#0" [stack: 0x0000005bfef00000,0x0000005bff000000] [id=2672]
  0x0000021411230490 ConcurrentGCThread "G1 Refine#0" [stack: 0x0000005bff000000,0x0000005bff100000] [id=4952]
  0x0000021411230eb0 ConcurrentGCThread "G1 Service" [stack: 0x0000005bff100000,0x0000005bff200000] [id=13068]

Threads with active compile tasks:
C2 CompilerThread0    10840 2054       4       java.lang.invoke.MethodType::makeImpl (109 bytes)
C2 CompilerThread1    10841 2214       4       java.util.regex.Pattern$CharProperty::match (71 bytes)

VM state: not at safepoint (normal execution)

VM Mutex/Monitor currently owned by a thread: None

Heap address: 0x0000000083600000, size: 1994 MB, Compressed Oops mode: 32-bit

CDS archive(s) not mapped
Compressed class space mapped at: 0x0000000100000000-0x0000000140000000, reserved size: 1073741824
Narrow klass base: 0x0000000000000000, Narrow klass shift: 3, Narrow klass range: 0x140000000

GC Precious Log:
 CPUs: 4 total, 4 available
 Memory: 7973M
 Large Page Support: Disabled
 NUMA Support: Disabled
 Compressed Oops: Enabled (32-bit)
 Heap Region Size: 1M
 Heap Min Capacity: 8M
 Heap Initial Capacity: 126M
 Heap Max Capacity: 1994M
 Pre-touch: Disabled
 Parallel Workers: 4
 Concurrent Workers: 1
 Concurrent Refinement Workers: 4
 Periodic GC: Disabled

Heap:
 garbage-first heap   total 30720K, used 18265K [0x0000000083600000, 0x0000000100000000)
  region size 1024K, 6 young (6144K), 2 survivors (2048K)
 Metaspace       used 31248K, committed 31488K, reserved 1081344K
  class space    used 3573K, committed 3712K, reserved 1048576K

Heap Regions: E=young(eden), S=young(survivor), O=old, HS=humongous(starts), HC=humongous(continues), CS=collection set, F=free, OA=open archive, CA=closed archive, TAMS=top-at-mark-start (previous, next)
|   0|0x0000000083600000, 0x0000000083700000, 0x0000000083700000|100%|HS|  |TAMS 0x0000000083700000, 0x0000000083600000| Complete 
|   1|0x0000000083700000, 0x0000000083800000, 0x0000000083800000|100%|HC|  |TAMS 0x0000000083800000, 0x0000000083700000| Complete 
|   2|0x0000000083800000, 0x0000000083900000, 0x0000000083900000|100%| O|  |TAMS 0x0000000083900000, 0x0000000083800000| Untracked 
|   3|0x0000000083900000, 0x0000000083a00000, 0x0000000083a00000|100%| O|  |TAMS 0x0000000083a00000, 0x0000000083900000| Untracked 
|   4|0x0000000083a00000, 0x0000000083a00000, 0x0000000083b00000|  0%| F|  |TAMS 0x0000000083a00000, 0x0000000083a00000| Untracked 
|   5|0x0000000083b00000, 0x0000000083c00000, 0x0000000083c00000|100%| O|  |TAMS 0x0000000083b00000, 0x0000000083b00000| Untracked 
|   6|0x0000000083c00000, 0x0000000083d00000, 0x0000000083d00000|100%| O|  |TAMS 0x0000000083c00000, 0x0000000083c00000| Untracked 
|   7|0x0000000083d00000, 0x0000000083e00000, 0x0000000083e00000|100%| O|  |TAMS 0x0000000083d00000, 0x0000000083d00000| Untracked 
|   8|0x0000000083e00000, 0x0000000083f00000, 0x0000000083f00000|100%| O|  |TAMS 0x0000000083e00000, 0x0000000083e00000| Untracked 
|   9|0x0000000083f00000, 0x0000000083f00000, 0x0000000084000000|  0%| F|  |TAMS 0x0000000083f00000, 0x0000000083f00000| Untracked 
|  10|0x0000000084000000, 0x0000000084081960, 0x0000000084100000| 50%| S|CS|TAMS 0x0000000084000000, 0x0000000084000000| Complete 
|  11|0x0000000084100000, 0x0000000084200000, 0x0000000084200000|100%| S|CS|TAMS 0x0000000084100000, 0x0000000084100000| Complete 
|  12|0x0000000084200000, 0x0000000084254c00, 0x0000000084300000| 33%| O|  |TAMS 0x0000000084200000, 0x0000000084200000| Untracked 
|  13|0x0000000084300000, 0x0000000084400000, 0x0000000084400000|100%|HS|  |TAMS 0x0000000084300000, 0x0000000084300000| Complete 
|  14|0x0000000084400000, 0x0000000084500000, 0x0000000084500000|100%|HC|  |TAMS 0x0000000084400000, 0x0000000084400000| Complete 
|  15|0x0000000084500000, 0x0000000084600000, 0x0000000084600000|100%|HC|  |TAMS 0x0000000084500000, 0x0000000084500000| Complete 
|  16|0x0000000084600000, 0x0000000084700000, 0x0000000084700000|100%|HC|  |TAMS 0x0000000084600000, 0x0000000084600000| Complete 
|  17|0x0000000084700000, 0x0000000084800000, 0x0000000084800000|100%|HC|  |TAMS 0x0000000084700000, 0x0000000084700000| Complete 
|  18|0x0000000084800000, 0x0000000084800000, 0x0000000084900000|  0%| F|  |TAMS 0x0000000084800000, 0x0000000084800000| Untracked 
|  19|0x0000000084900000, 0x0000000084900000, 0x0000000084a00000|  0%| F|  |TAMS 0x0000000084900000, 0x0000000084900000| Untracked 
|  20|0x0000000084a00000, 0x0000000084a00000, 0x0000000084b00000|  0%| F|  |TAMS 0x0000000084a00000, 0x0000000084a00000| Untracked 
|  21|0x0000000084b00000, 0x0000000084b00000, 0x0000000084c00000|  0%| F|  |TAMS 0x0000000084b00000, 0x0000000084b00000| Untracked 
|  22|0x0000000084c00000, 0x0000000084c00000, 0x0000000084d00000|  0%| F|  |TAMS 0x0000000084c00000, 0x0000000084c00000| Untracked 
|  23|0x0000000084d00000, 0x0000000084d00000, 0x0000000084e00000|  0%| F|  |TAMS 0x0000000084d00000, 0x0000000084d00000| Untracked 
|  24|0x0000000084e00000, 0x0000000084e00000, 0x0000000084f00000|  0%| F|  |TAMS 0x0000000084e00000, 0x0000000084e00000| Untracked 
|  25|0x0000000084f00000, 0x0000000084f04010, 0x0000000085000000|  1%| E|  |TAMS 0x0000000084f00000, 0x0000000084f00000| Complete 
| 118|0x000000008ac00000, 0x000000008ad00000, 0x000000008ad00000|100%| E|CS|TAMS 0x000000008ac00000, 0x000000008ac00000| Complete 
| 119|0x000000008ad00000, 0x000000008ae00000, 0x000000008ae00000|100%| E|CS|TAMS 0x000000008ad00000, 0x000000008ad00000| Complete 
| 120|0x000000008ae00000, 0x000000008af00000, 0x000000008af00000|100%| E|CS|TAMS 0x000000008ae00000, 0x000000008ae00000| Complete 
| 125|0x000000008b300000, 0x000000008b400000, 0x000000008b400000|100%| E|CS|TAMS 0x000000008b300000, 0x000000008b300000| Complete 

Card table byte_map: [0x000002147b7c0000,0x000002147bbb0000] _byte_map_base: 0x000002147b3a5000

Marking Bits (Prev, Next): (CMBitMap*) 0x0000021477d651f0, (CMBitMap*) 0x0000021477d651b0
 Prev Bits: [0x000002147ded0000, 0x000002147fdf8000)
 Next Bits: [0x000002147bfa0000, 0x000002147dec8000)

Polling page: 0x00000214774e0000

Metaspace:

Usage:
  Non-class:     27.03 MB used.
      Class:      3.49 MB used.
       Both:     30.52 MB used.

Virtual space:
  Non-class space:       32.00 MB reserved,      27.19 MB ( 85%) committed,  4 nodes.
      Class space:        1.00 GB reserved,       3.62 MB ( <1%) committed,  1 nodes.
             Both:        1.03 GB reserved,      30.81 MB (  3%) committed. 

Chunk freelists:
   Non-Class:  560.00 KB
       Class:  350.00 KB
        Both:  910.00 KB

MaxMetaspaceSize: unlimited
CompressedClassSpaceSize: 1.00 GB
Initial GC threshold: 21.00 MB
Current GC threshold: 35.44 MB
CDS: off
MetaspaceReclaimPolicy: balanced
 - commit_granule_bytes: 65536.
 - commit_granule_words: 8192.
 - virtual_space_node_default_size: 1048576.
 - enlarge_chunks_in_place: 1.
 - new_chunks_are_fully_committed: 0.
 - uncommit_free_chunks: 1.
 - use_allocation_guard: 0.
 - handle_deallocations: 1.


Internal statistics:

num_allocs_failed_limit: 3.
num_arena_births: 192.
num_arena_deaths: 0.
num_vsnodes_births: 5.
num_vsnodes_deaths: 0.
num_space_committed: 493.
num_space_uncommitted: 0.
num_chunks_returned_to_freelist: 3.
num_chunks_taken_from_freelist: 789.
num_chunk_merges: 0.
num_chunk_splits: 520.
num_chunks_enlarged: 413.
num_purges: 0.
num_inconsistent_stats: 0.

CodeHeap 'non-profiled nmethods': size=120000Kb used=764Kb max_used=764Kb free=119235Kb
 bounds [0x0000021407ad0000, 0x0000021407d40000, 0x000002140f000000]
CodeHeap 'profiled nmethods': size=120000Kb used=4065Kb max_used=4065Kb free=115934Kb
 bounds [0x0000021400000000, 0x0000021400400000, 0x0000021407530000]
CodeHeap 'non-nmethods': size=5760Kb used=1287Kb max_used=1323Kb free=4472Kb
 bounds [0x0000021407530000, 0x00000214077a0000, 0x0000021407ad0000]
 total_blobs=2805 nmethods=2213 adapters=504
 compilation: enabled
              stopped_count=0, restarted_count=0
 full_count=0

Compilation events (20 events):
Event: 10.802 Thread 0x000002141201d2d0 nmethod 2186 0x00000214003eb390 code [0x00000214003eb5a0, 0x00000214003ebb68]
Event: 10.802 Thread 0x000002141201d2d0 2187       3       java.util.StringJoiner::checkAddLength (50 bytes)
Event: 10.803 Thread 0x000002141201d2d0 nmethod 2187 0x00000214003ebe90 code [0x00000214003ec060, 0x00000214003ec488]
Event: 10.804 Thread 0x000002141201d2d0 2192       3       java.lang.AbstractStringBuilder::append (54 bytes)
Event: 10.805 Thread 0x000002141201d2d0 nmethod 2192 0x00000214003ec690 code [0x00000214003ec8c0, 0x00000214003ed1c8]
Event: 10.806 Thread 0x000002141201d2d0 2193       3       java.util.Locale::hashCode (41 bytes)
Event: 10.806 Thread 0x000002141201d2d0 nmethod 2193 0x00000214003ed310 code [0x00000214003ed4c0, 0x00000214003ed6d8]
Event: 10.806 Thread 0x000002141201d2d0 2194       3       java.util.Calendar::internalSet (8 bytes)
Event: 10.806 Thread 0x000002141201d2d0 nmethod 2194 0x00000214003ed810 code [0x00000214003ed9a0, 0x00000214003edad8]
Event: 10.806 Thread 0x000002141201d2d0 2195  s    1       java.lang.StringBuffer::length (5 bytes)
Event: 10.806 Thread 0x000002141201d2d0 nmethod 2195 0x0000021407b8bc10 code [0x0000021407b8bda0, 0x0000021407b8bf18]
Event: 10.806 Thread 0x000002141201d2d0 2196       3       java.text.StringCharacterIterator::next (46 bytes)
Event: 10.807 Thread 0x000002141201d2d0 nmethod 2196 0x00000214003edb90 code [0x00000214003edda0, 0x00000214003ee3b8]
Event: 10.807 Thread 0x000002141201d2d0 2197       3       java.lang.StringBuilder::length (5 bytes)
Event: 10.807 Thread 0x000002141201d2d0 nmethod 2197 0x00000214003ee610 code [0x00000214003ee7a0, 0x00000214003ee8b8]
Event: 10.807 Thread 0x000002141201d2d0 2198       3       java.lang.invoke.SimpleMethodHandle::make (10 bytes)
Event: 10.807 Thread 0x00000214146eb990 nmethod 2188 0x0000021407b8bf90 code [0x0000021407b8c140, 0x0000021407b8c6f8]
Event: 10.807 Thread 0x000002141201d2d0 nmethod 2198 0x00000214003ee990 code [0x00000214003eeb40, 0x00000214003eed28]
Event: 10.807 Thread 0x00000214146eb990 2191       4       java.lang.StringBuilder::append (8 bytes)
Event: 10.807 Thread 0x000002141201d2d0 2199       3       java.lang.invoke.SimpleMethodHandle::<init> (7 bytes)

GC Heap History (12 events):
Event: 0.669 GC heap before
{Heap before GC invocations=0 (full 0):
 garbage-first heap   total 129024K, used 15360K [0x0000000083600000, 0x0000000100000000)
  region size 1024K, 13 young (13312K), 0 survivors (0K)
 Metaspace       used 14086K, committed 14272K, reserved 1064960K
  class space    used 1394K, committed 1472K, reserved 1048576K
}
Event: 0.672 GC heap after
{Heap after GC invocations=1 (full 0):
 garbage-first heap   total 129024K, used 4573K [0x0000000083600000, 0x0000000100000000)
  region size 1024K, 2 young (2048K), 2 survivors (2048K)
 Metaspace       used 14086K, committed 14272K, reserved 1064960K
  class space    used 1394K, committed 1472K, reserved 1048576K
}
Event: 1.061 GC heap before
{Heap before GC invocations=1 (full 0):
 garbage-first heap   total 129024K, used 18909K [0x0000000083600000, 0x0000000100000000)
  region size 1024K, 16 young (16384K), 2 survivors (2048K)
 Metaspace       used 20867K, committed 21120K, reserved 1073152K
  class space    used 2209K, committed 2304K, reserved 1048576K
}
Event: 1.065 GC heap after
{Heap after GC invocations=2 (full 0):
 garbage-first heap   total 129024K, used 6589K [0x0000000083600000, 0x0000000100000000)
  region size 1024K, 2 young (2048K), 2 survivors (2048K)
 Metaspace       used 20867K, committed 21120K, reserved 1073152K
  class space    used 2209K, committed 2304K, reserved 1048576K
}
Event: 1.103 GC heap before
{Heap before GC invocations=2 (full 0):
 garbage-first heap   total 129024K, used 10685K [0x0000000083600000, 0x0000000100000000)
  region size 1024K, 7 young (7168K), 2 survivors (2048K)
 Metaspace       used 21273K, committed 21504K, reserved 1073152K
  class space    used 2241K, committed 2368K, reserved 1048576K
}
Event: 1.106 GC heap after
{Heap after GC invocations=3 (full 0):
 garbage-first heap   total 129024K, used 7317K [0x0000000083600000, 0x0000000100000000)
  region size 1024K, 3 young (3072K), 3 survivors (3072K)
 Metaspace       used 21273K, committed 21504K, reserved 1073152K
  class space    used 2241K, committed 2368K, reserved 1048576K
}
Event: 1.510 GC heap before
{Heap before GC invocations=4 (full 0):
 garbage-first heap   total 30720K, used 22677K [0x0000000083600000, 0x0000000100000000)
  region size 1024K, 18 young (18432K), 3 survivors (3072K)
 Metaspace       used 26600K, committed 26816K, reserved 1073152K
  class space    used 2956K, committed 3072K, reserved 1048576K
}
Event: 1.513 GC heap after
{Heap after GC invocations=5 (full 0):
 garbage-first heap   total 30720K, used 8571K [0x0000000083600000, 0x0000000100000000)
  region size 1024K, 3 young (3072K), 3 survivors (3072K)
 Metaspace       used 26600K, committed 26816K, reserved 1073152K
  class space    used 2956K, committed 3072K, reserved 1048576K
}
Event: 1.531 GC heap before
{Heap before GC invocations=5 (full 0):
 garbage-first heap   total 30720K, used 8571K [0x0000000083600000, 0x0000000100000000)
  region size 1024K, 4 young (4096K), 3 survivors (3072K)
 Metaspace       used 26951K, committed 27264K, reserved 1073152K
  class space    used 2999K, committed 3136K, reserved 1048576K
}
Event: 1.533 GC heap after
{Heap after GC invocations=6 (full 0):
 garbage-first heap   total 30720K, used 8959K [0x0000000083600000, 0x0000000100000000)
  region size 1024K, 1 young (1024K), 1 survivors (1024K)
 Metaspace       used 26951K, committed 27264K, reserved 1073152K
  class space    used 2999K, committed 3136K, reserved 1048576K
}
Event: 4.899 GC heap before
{Heap before GC invocations=6 (full 0):
 garbage-first heap   total 30720K, used 25343K [0x0000000083600000, 0x0000000100000000)
  region size 1024K, 12 young (12288K), 1 survivors (1024K)
 Metaspace       used 30540K, committed 30720K, reserved 1081344K
  class space    used 3502K, committed 3584K, reserved 1048576K
}
Event: 4.901 GC heap after
{Heap after GC invocations=7 (full 0):
 garbage-first heap   total 30720K, used 15193K [0x0000000083600000, 0x0000000100000000)
  region size 1024K, 2 young (2048K), 2 survivors (2048K)
 Metaspace       used 30540K, committed 30720K, reserved 1081344K
  class space    used 3502K, committed 3584K, reserved 1048576K
}

Dll operation events (9 events):
Event: 0.007 Loaded shared library C:\Users\Picco\.p2\pool\plugins\org.eclipse.justj.openjdk.hotspot.jre.full.win32.x86_64_17.0.6.v20230204-1729\jre\bin\java.dll
Event: 0.144 Loaded shared library C:\Users\Picco\.p2\pool\plugins\org.eclipse.justj.openjdk.hotspot.jre.full.win32.x86_64_17.0.6.v20230204-1729\jre\bin\net.dll
Event: 0.146 Loaded shared library C:\Users\Picco\.p2\pool\plugins\org.eclipse.justj.openjdk.hotspot.jre.full.win32.x86_64_17.0.6.v20230204-1729\jre\bin\nio.dll
Event: 0.153 Loaded shared library C:\Users\Picco\.p2\pool\plugins\org.eclipse.justj.openjdk.hotspot.jre.full.win32.x86_64_17.0.6.v20230204-1729\jre\bin\zip.dll
Event: 0.268 Loaded shared library C:\Users\Picco\.p2\pool\plugins\org.eclipse.justj.openjdk.hotspot.jre.full.win32.x86_64_17.0.6.v20230204-1729\jre\bin\jimage.dll
Event: 0.599 Loaded shared library C:\Users\Picco\.p2\pool\plugins\org.eclipse.justj.openjdk.hotspot.jre.full.win32.x86_64_17.0.6.v20230204-1729\jre\bin\verify.dll
Event: 0.899 Loaded shared library C:\Users\Picco\.p2\pool\plugins\org.eclipse.justj.openjdk.hotspot.jre.full.win32.x86_64_17.0.6.v20230204-1729\jre\bin\management.dll
Event: 0.902 Loaded shared library C:\Users\Picco\.p2\pool\plugins\org.eclipse.justj.openjdk.hotspot.jre.full.win32.x86_64_17.0.6.v20230204-1729\jre\bin\management_ext.dll
Event: 1.117 Loaded shared library C:\Users\Picco\.p2\pool\plugins\org.eclipse.justj.openjdk.hotspot.jre.full.win32.x86_64_17.0.6.v20230204-1729\jre\bin\sunmscapi.dll

Deoptimization events (20 events):
Event: 10.755 Thread 0x0000021477d09da0 Uncommon trap: trap_request=0xffffff45 fr.pc=0x0000021407b1ce94 relative=0x00000000000003f4
Event: 10.755 Thread 0x0000021477d09da0 Uncommon trap: reason=unstable_if action=reinterpret pc=0x0000021407b1ce94 method=java.lang.StringLatin1.canEncode(I)Z @ 4 c2
Event: 10.755 Thread 0x0000021477d09da0 DEOPT PACKING pc=0x0000021407b1ce94 sp=0x0000005bfecfe4b0
Event: 10.755 Thread 0x0000021477d09da0 DEOPT UNPACKING pc=0x000002140758a1a3 sp=0x0000005bfecfe3d8 mode 2
Event: 10.755 Thread 0x0000021477d09da0 Uncommon trap: trap_request=0xffffff45 fr.pc=0x0000021407b1c47c relative=0x00000000000003dc
Event: 10.755 Thread 0x0000021477d09da0 Uncommon trap: reason=unstable_if action=reinterpret pc=0x0000021407b1c47c method=java.lang.AbstractStringBuilder.isLatin1()Z @ 10 c2
Event: 10.755 Thread 0x0000021477d09da0 DEOPT PACKING pc=0x0000021407b1c47c sp=0x0000005bfecfe4c0
Event: 10.755 Thread 0x0000021477d09da0 DEOPT UNPACKING pc=0x000002140758a1a3 sp=0x0000005bfecfe450 mode 2
Event: 10.798 Thread 0x0000021477d09da0 Uncommon trap: trap_request=0xffffffde fr.pc=0x0000021407b8b1b4 relative=0x0000000000000094
Event: 10.798 Thread 0x0000021477d09da0 Uncommon trap: reason=class_check action=maybe_recompile pc=0x0000021407b8b1b4 method=java.lang.Character.getType(I)I @ 5 c2
Event: 10.798 Thread 0x0000021477d09da0 DEOPT PACKING pc=0x0000021407b8b1b4 sp=0x0000005bfecfe2e0
Event: 10.798 Thread 0x0000021477d09da0 DEOPT UNPACKING pc=0x000002140758a1a3 sp=0x0000005bfecfe278 mode 2
Event: 10.798 Thread 0x0000021477d09da0 Uncommon trap: trap_request=0xffffffde fr.pc=0x0000021407b8b1b4 relative=0x0000000000000094
Event: 10.798 Thread 0x0000021477d09da0 Uncommon trap: reason=class_check action=maybe_recompile pc=0x0000021407b8b1b4 method=java.lang.Character.getType(I)I @ 5 c2
Event: 10.798 Thread 0x0000021477d09da0 DEOPT PACKING pc=0x0000021407b8b1b4 sp=0x0000005bfecfe2e0
Event: 10.798 Thread 0x0000021477d09da0 DEOPT UNPACKING pc=0x000002140758a1a3 sp=0x0000005bfecfe278 mode 2
Event: 10.801 Thread 0x0000021477d09da0 Uncommon trap: trap_request=0xffffffde fr.pc=0x0000021407b8b1b4 relative=0x0000000000000094
Event: 10.801 Thread 0x0000021477d09da0 Uncommon trap: reason=class_check action=maybe_recompile pc=0x0000021407b8b1b4 method=java.lang.Character.getType(I)I @ 5 c2
Event: 10.801 Thread 0x0000021477d09da0 DEOPT PACKING pc=0x0000021407b8b1b4 sp=0x0000005bfecfdff0
Event: 10.801 Thread 0x0000021477d09da0 DEOPT UNPACKING pc=0x000002140758a1a3 sp=0x0000005bfecfdf88 mode 2

Classes unloaded (0 events):
No events

Classes redefined (0 events):
No events

Internal exceptions (20 events):
Event: 1.282 Thread 0x0000021414086060 Exception <a 'java/lang/NoSuchMethodError'{0x0000000084921e30}: 'java.lang.Object java.lang.invoke.DirectMethodHandle$Holder.newInvokeSpecial(java.lang.Object, java.lang.Object, long)'> (0x0000000084921e30) 
thrown [s\src\hotspot\share\interpreter\linkResolver.cpp, line 759]
Event: 1.282 Thread 0x0000021414086060 Exception <a 'java/lang/NoSuchMethodError'{0x00000000849259a0}: 'java.lang.Object java.lang.invoke.Invokers$Holder.linkToTargetMethod(java.lang.Object, long, java.lang.Object)'> (0x00000000849259a0) 
thrown [s\src\hotspot\share\interpreter\linkResolver.cpp, line 759]
Event: 1.341 Thread 0x0000021414157370 Exception <a 'java/net/ConnectException'{0x00000000848838e0}: Connection refused: no further information> (0x00000000848838e0) 
thrown [s\src\hotspot\share\prims\jni.cpp, line 535]
Event: 1.341 Thread 0x0000021414157370 Exception <a 'java/net/SocketException'{0x0000000084883c18}: Socket is not connected: shutdown> (0x0000000084883c18) 
thrown [s\src\hotspot\share\prims\jni.cpp, line 535]
Event: 1.360 Thread 0x0000021414157370 Exception <a 'java/net/ConnectException'{0x0000000084884c80}: Connection refused: no further information> (0x0000000084884c80) 
thrown [s\src\hotspot\share\prims\jni.cpp, line 535]
Event: 1.360 Thread 0x0000021414157370 Exception <a 'java/net/SocketException'{0x0000000084884fb8}: Socket is not connected: shutdown> (0x0000000084884fb8) 
thrown [s\src\hotspot\share\prims\jni.cpp, line 535]
Event: 1.407 Thread 0x0000021477d09da0 Exception <a 'java/lang/NoSuchMethodError'{0x0000000084740d20}: 'double java.lang.invoke.DirectMethodHandle$Holder.invokeVirtual(java.lang.Object, java.lang.Object)'> (0x0000000084740d20) 
thrown [s\src\hotspot\share\interpreter\linkResolver.cpp, line 759]
Event: 1.407 Thread 0x0000021477d09da0 Exception <a 'java/lang/NoSuchMethodError'{0x00000000847477b8}: 'float java.lang.invoke.DirectMethodHandle$Holder.invokeVirtual(java.lang.Object, java.lang.Object)'> (0x00000000847477b8) 
thrown [s\src\hotspot\share\interpreter\linkResolver.cpp, line 759]
Event: 1.408 Thread 0x0000021477d09da0 Exception <a 'java/lang/NoSuchMethodError'{0x0000000084750798}: 'long java.lang.invoke.DirectMethodHandle$Holder.invokeVirtual(java.lang.Object, java.lang.Object)'> (0x0000000084750798) 
thrown [s\src\hotspot\share\interpreter\linkResolver.cpp, line 759]
Event: 1.412 Thread 0x0000021477d09da0 Exception <a 'java/lang/NoSuchMethodError'{0x000000008477d068}: 'java.lang.Object java.lang.invoke.DirectMethodHandle$Holder.invokeVirtual(java.lang.Object, java.lang.Object, java.lang.Object)'> (0x000000008477d068) 
thrown [s\src\hotspot\share\interpreter\linkResolver.cpp, line 759]
Event: 1.428 Thread 0x0000021477d09da0 Exception <a 'java/lang/NoSuchMethodError'{0x0000000084686408}: 'void java.lang.invoke.DirectMethodHandle$Holder.invokeSpecial(java.lang.Object, java.lang.Object, java.lang.Object, java.lang.Object, java.lang.Object)'> (0x0000000084686408) 
thrown [s\src\hotspot\share\interpreter\linkResolver.cpp, line 759]
Event: 1.429 Thread 0x0000021477d09da0 Exception <a 'java/lang/NoSuchMethodError'{0x000000008468d2e8}: 'void java.lang.invoke.DirectMethodHandle$Holder.invokeStatic(java.lang.Object, java.lang.Object, int)'> (0x000000008468d2e8) 
thrown [s\src\hotspot\share\interpreter\linkResolver.cpp, line 759]
Event: 1.442 Thread 0x0000021477d09da0 Exception <a 'java/lang/NoSuchMethodError'{0x00000000845358e0}: 'java.lang.Object java.lang.invoke.DirectMethodHandle$Holder.newInvokeSpecial(java.lang.Object, java.lang.Object, java.lang.Object, java.lang.Object, java.lang.Object)'> (0x00000000845358e0) 
thrown [s\src\hotspot\share\interpreter\linkResolver.cpp, line 759]
Event: 1.468 Thread 0x0000021477d09da0 Exception <a 'java/lang/NoSuchMethodError'{0x000000008449e500}: 'int java.lang.invoke.DirectMethodHandle$Holder.invokeSpecialIFC(java.lang.Object, java.lang.Object, java.lang.Object)'> (0x000000008449e500) 
thrown [s\src\hotspot\share\interpreter\linkResolver.cpp, line 759]
Event: 1.522 Thread 0x0000021477d09da0 Exception <a 'java/lang/NoSuchMethodError'{0x000000008b370868}: 'void java.lang.invoke.DirectMethodHandle$Holder.invokeSpecial(java.lang.Object, java.lang.Object, java.lang.Object, java.lang.Object, java.lang.Object, java.lang.Object)'> (0x000000008b370868) 
thrown [s\src\hotspot\share\interpreter\linkResolver.cpp, line 759]
Event: 2.401 Thread 0x0000021477d09da0 Exception <a 'java/lang/NoSuchMethodError'{0x0000000084d6f210}: 'java.lang.Object java.lang.invoke.DirectMethodHandle$Holder.invokeSpecialIFC(java.lang.Object, java.lang.Object, java.lang.Object)'> (0x0000000084d6f210) 
thrown [s\src\hotspot\share\interpreter\linkResolver.cpp, line 759]
Event: 2.405 Thread 0x0000021477d09da0 Exception <a 'java/lang/NoSuchMethodError'{0x0000000084d97528}: 'void java.lang.invoke.DirectMethodHandle$Holder.invokeSpecial(java.lang.Object, java.lang.Object, java.lang.Object)'> (0x0000000084d97528) 
thrown [s\src\hotspot\share\interpreter\linkResolver.cpp, line 759]
Event: 2.498 Thread 0x0000021477d09da0 Exception <a 'java/lang/ClassNotFoundException'{0x00000000849369d8}: sun/util/logging/resources/spi/loggingProvider> (0x00000000849369d8) 
thrown [s\src\hotspot\share\classfile\systemDictionary.cpp, line 256]
Event: 10.022 Thread 0x0000021477d09da0 Exception <a 'java/lang/reflect/InvocationTargetException'{0x000000008b3cdbe0}> (0x000000008b3cdbe0) 
thrown [s\src\hotspot\share\runtime\reflection.cpp, line 1121]
Event: 10.796 Thread 0x0000021477d09da0 Exception <a 'java/lang/NoSuchMethodError'{0x000000008ac44870}: 'int java.lang.invoke.DirectMethodHandle$Holder.invokeInterface(java.lang.Object, java.lang.Object)'> (0x000000008ac44870) 
thrown [s\src\hotspot\share\interpreter\linkResolver.cpp, line 759]

VM Operations (20 events):
Event: 1.113 Executing VM operation: G1Concurrent
Event: 1.114 Executing VM operation: G1Concurrent done
Event: 1.394 Executing VM operation: HandshakeAllThreads
Event: 1.394 Executing VM operation: HandshakeAllThreads done
Event: 1.395 Executing VM operation: HandshakeAllThreads
Event: 1.396 Executing VM operation: HandshakeAllThreads done
Event: 1.510 Executing VM operation: G1CollectForAllocation
Event: 1.513 Executing VM operation: G1CollectForAllocation done
Event: 1.531 Executing VM operation: G1CollectForAllocation
Event: 1.533 Executing VM operation: G1CollectForAllocation done
Event: 2.485 Executing VM operation: HandshakeAllThreads
Event: 2.485 Executing VM operation: HandshakeAllThreads done
Event: 3.485 Executing VM operation: Cleanup
Event: 3.486 Executing VM operation: Cleanup done
Event: 4.899 Executing VM operation: G1CollectForAllocation
Event: 4.901 Executing VM operation: G1CollectForAllocation done
Event: 5.910 Executing VM operation: Cleanup
Event: 5.910 Executing VM operation: Cleanup done
Event: 6.920 Executing VM operation: Cleanup
Event: 6.920 Executing VM operation: Cleanup done

Events (20 events):
Event: 10.774 loading class java/util/stream/Nodes$FixedNodeBuilder
Event: 10.774 loading class java/util/stream/Nodes$FixedNodeBuilder done
Event: 10.777 loading class java/util/concurrent/ConcurrentHashMap$KeySpliterator
Event: 10.777 loading class java/util/concurrent/ConcurrentHashMap$KeySpliterator done
Event: 10.787 loading class sun/nio/fs/WindowsChannelFactory$2
Event: 10.788 loading class sun/nio/fs/WindowsChannelFactory$2 done
Event: 10.788 loading class java/nio/channels/Channels$1
Event: 10.788 loading class java/nio/channels/Channels$1 done
Event: 10.796 loading class java/util/IdentityHashMap$KeyIterator
Event: 10.796 loading class java/util/IdentityHashMap$IdentityHashMapIterator
Event: 10.796 loading class java/util/IdentityHashMap$IdentityHashMapIterator done
Event: 10.796 loading class java/util/IdentityHashMap$KeyIterator done
Event: 10.796 Thread 0x000002141252b0f0 Thread exited: 0x000002141252b0f0
Event: 10.799 loading class java/text/DontCareFieldPosition
Event: 10.799 loading class java/text/DontCareFieldPosition done
Event: 10.800 loading class java/text/DontCareFieldPosition$1
Event: 10.800 loading class java/text/DontCareFieldPosition$1 done
Event: 10.804 loading class java/util/Vector$Itr
Event: 10.804 loading class java/util/Vector$Itr done
Event: 10.807 loading class java/util/ComparableTimSort


Dynamic libraries:
0x00007ff6b3bd0000 - 0x00007ff6b3bde000 	C:\Users\Picco\.p2\pool\plugins\org.eclipse.justj.openjdk.hotspot.jre.full.win32.x86_64_17.0.6.v20230204-1729\jre\bin\javaw.exe
0x00007ffce2250000 - 0x00007ffce2448000 	C:\WINDOWS\SYSTEM32\ntdll.dll
0x00007ffce1ba0000 - 0x00007ffce1c5f000 	C:\WINDOWS\System32\KERNEL32.DLL
0x00007ffcdf970000 - 0x00007ffcdfc42000 	C:\WINDOWS\System32\KERNELBASE.dll
0x00007ffcdff10000 - 0x00007ffce0010000 	C:\WINDOWS\System32\ucrtbase.dll
0x00007ffcd60c0000 - 0x00007ffcd60d9000 	C:\Users\Picco\.p2\pool\plugins\org.eclipse.justj.openjdk.hotspot.jre.full.win32.x86_64_17.0.6.v20230204-1729\jre\bin\VCRUNTIME140.dll
0x00007ffcda8b0000 - 0x00007ffcda8c7000 	C:\Users\Picco\.p2\pool\plugins\org.eclipse.justj.openjdk.hotspot.jre.full.win32.x86_64_17.0.6.v20230204-1729\jre\bin\jli.dll
0x00007ffce1c60000 - 0x00007ffce1e01000 	C:\WINDOWS\System32\USER32.dll
0x00007ffcdf940000 - 0x00007ffcdf962000 	C:\WINDOWS\System32\win32u.dll
0x00007ffcc2470000 - 0x00007ffcc270a000 	C:\WINDOWS\WinSxS\amd64_microsoft.windows.common-controls_6595b64144ccf1df_6.0.19041.1110_none_60b5254171f9507e\COMCTL32.dll
0x00007ffce0290000 - 0x00007ffce02bb000 	C:\WINDOWS\System32\GDI32.dll
0x00007ffce0620000 - 0x00007ffce06be000 	C:\WINDOWS\System32\msvcrt.dll
0x00007ffcdfe00000 - 0x00007ffcdff0f000 	C:\WINDOWS\System32\gdi32full.dll
0x00007ffcdfd30000 - 0x00007ffcdfdcd000 	C:\WINDOWS\System32\msvcp_win.dll
0x00007ffce2080000 - 0x00007ffce20b2000 	C:\WINDOWS\System32\IMM32.DLL
0x00007ffcd60f0000 - 0x00007ffcd60fc000 	C:\Users\Picco\.p2\pool\plugins\org.eclipse.justj.openjdk.hotspot.jre.full.win32.x86_64_17.0.6.v20230204-1729\jre\bin\vcruntime140_1.dll
0x00007ffcc20f0000 - 0x00007ffcc2181000 	C:\Users\Picco\.p2\pool\plugins\org.eclipse.justj.openjdk.hotspot.jre.full.win32.x86_64_17.0.6.v20230204-1729\jre\bin\msvcp140.dll
0x00007ffc7bdd0000 - 0x00007ffc7ca17000 	C:\Users\Picco\.p2\pool\plugins\org.eclipse.justj.openjdk.hotspot.jre.full.win32.x86_64_17.0.6.v20230204-1729\jre\bin\server\jvm.dll
0x00007ffce1fc0000 - 0x00007ffce206e000 	C:\WINDOWS\System32\ADVAPI32.dll
0x00007ffce1070000 - 0x00007ffce110c000 	C:\WINDOWS\System32\sechost.dll
0x00007ffce20e0000 - 0x00007ffce2205000 	C:\WINDOWS\System32\RPCRT4.dll
0x00007ffcd61d0000 - 0x00007ffcd61d9000 	C:\WINDOWS\SYSTEM32\WSOCK32.dll
0x00007ffce1e10000 - 0x00007ffce1e7b000 	C:\WINDOWS\System32\WS2_32.dll
0x00007ffcc4be0000 - 0x00007ffcc4c07000 	C:\WINDOWS\SYSTEM32\WINMM.dll
0x00007ffcd3730000 - 0x00007ffcd373a000 	C:\WINDOWS\SYSTEM32\VERSION.dll
0x00007ffcde190000 - 0x00007ffcde1a2000 	C:\WINDOWS\SYSTEM32\kernel.appcore.dll
0x00007ffcd60b0000 - 0x00007ffcd60ba000 	C:\Users\Picco\.p2\pool\plugins\org.eclipse.justj.openjdk.hotspot.jre.full.win32.x86_64_17.0.6.v20230204-1729\jre\bin\jimage.dll
0x00007ffcda560000 - 0x00007ffcda744000 	C:\WINDOWS\SYSTEM32\DBGHELP.DLL
0x00007ffcc5d10000 - 0x00007ffcc5d45000 	C:\WINDOWS\SYSTEM32\dbgcore.DLL
0x00007ffcdfc50000 - 0x00007ffcdfcd2000 	C:\WINDOWS\System32\bcryptPrimitives.dll
0x00007ffcd6080000 - 0x00007ffcd60a5000 	C:\Users\Picco\.p2\pool\plugins\org.eclipse.justj.openjdk.hotspot.jre.full.win32.x86_64_17.0.6.v20230204-1729\jre\bin\java.dll
0x00007ffcd4dd0000 - 0x00007ffcd4de8000 	C:\Users\Picco\.p2\pool\plugins\org.eclipse.justj.openjdk.hotspot.jre.full.win32.x86_64_17.0.6.v20230204-1729\jre\bin\zip.dll
0x00007ffce1450000 - 0x00007ffce1b94000 	C:\WINDOWS\System32\SHELL32.dll
0x00007ffcdd9e0000 - 0x00007ffcde172000 	C:\WINDOWS\SYSTEM32\windows.storage.dll
0x00007ffce02c0000 - 0x00007ffce0615000 	C:\WINDOWS\System32\combase.dll
0x00007ffcdf2c0000 - 0x00007ffcdf2f0000 	C:\WINDOWS\SYSTEM32\Wldp.dll
0x00007ffce13a0000 - 0x00007ffce144d000 	C:\WINDOWS\System32\SHCORE.dll
0x00007ffce1010000 - 0x00007ffce1065000 	C:\WINDOWS\System32\shlwapi.dll
0x00007ffcdf880000 - 0x00007ffcdf89f000 	C:\WINDOWS\SYSTEM32\profapi.dll
0x00007ffcdd960000 - 0x00007ffcdd979000 	C:\Users\Picco\.p2\pool\plugins\org.eclipse.justj.openjdk.hotspot.jre.full.win32.x86_64_17.0.6.v20230204-1729\jre\bin\net.dll
0x00007ffccde10000 - 0x00007ffccdf1c000 	C:\WINDOWS\SYSTEM32\WINHTTP.dll
0x00007ffcdf020000 - 0x00007ffcdf08a000 	C:\WINDOWS\system32\mswsock.dll
0x00007ffcdd930000 - 0x00007ffcdd945000 	C:\Users\Picco\.p2\pool\plugins\org.eclipse.justj.openjdk.hotspot.jre.full.win32.x86_64_17.0.6.v20230204-1729\jre\bin\nio.dll
0x00007ffcded50000 - 0x00007ffcdee1a000 	C:\WINDOWS\SYSTEM32\DNSAPI.dll
0x00007ffcded10000 - 0x00007ffcded4b000 	C:\WINDOWS\SYSTEM32\IPHLPAPI.DLL
0x00007ffce1fb0000 - 0x00007ffce1fb8000 	C:\WINDOWS\System32\NSI.dll
0x00007ffcc9740000 - 0x00007ffcc974a000 	C:\Windows\System32\rasadhlp.dll
0x00007ffcc8640000 - 0x00007ffcc86c0000 	C:\WINDOWS\System32\fwpuclnt.dll
0x00007ffcdfdd0000 - 0x00007ffcdfdf7000 	C:\WINDOWS\System32\bcrypt.dll
0x00007ffcdf210000 - 0x00007ffcdf228000 	C:\WINDOWS\SYSTEM32\CRYPTSP.dll
0x00007ffcde940000 - 0x00007ffcde974000 	C:\WINDOWS\system32\rsaenh.dll
0x00007ffcdf800000 - 0x00007ffcdf82e000 	C:\WINDOWS\SYSTEM32\USERENV.dll
0x00007ffcdf230000 - 0x00007ffcdf23c000 	C:\WINDOWS\SYSTEM32\CRYPTBASE.dll
0x00007ffcce4d0000 - 0x00007ffcce4e7000 	C:\WINDOWS\SYSTEM32\dhcpcsvc6.DLL
0x00007ffcd1c20000 - 0x00007ffcd1c3d000 	C:\WINDOWS\SYSTEM32\dhcpcsvc.DLL
0x00007ffcdd990000 - 0x00007ffcdd9a0000 	C:\Users\Picco\.p2\pool\plugins\org.eclipse.justj.openjdk.hotspot.jre.full.win32.x86_64_17.0.6.v20230204-1729\jre\bin\verify.dll
0x00007ffcdd0c0000 - 0x00007ffcdd0c9000 	C:\Users\Picco\.p2\pool\plugins\org.eclipse.justj.openjdk.hotspot.jre.full.win32.x86_64_17.0.6.v20230204-1729\jre\bin\management.dll
0x00007ffcdd080000 - 0x00007ffcdd08b000 	C:\Users\Picco\.p2\pool\plugins\org.eclipse.justj.openjdk.hotspot.jre.full.win32.x86_64_17.0.6.v20230204-1729\jre\bin\management_ext.dll
0x00007ffce2070000 - 0x00007ffce2078000 	C:\WINDOWS\System32\PSAPI.DLL
0x00007ffcdd4b0000 - 0x00007ffcdd4be000 	C:\Users\Picco\.p2\pool\plugins\org.eclipse.justj.openjdk.hotspot.jre.full.win32.x86_64_17.0.6.v20230204-1729\jre\bin\sunmscapi.dll
0x00007ffce0010000 - 0x00007ffce0166000 	C:\WINDOWS\System32\CRYPT32.dll
0x00007ffcdf330000 - 0x00007ffcdf357000 	C:\WINDOWS\SYSTEM32\ncrypt.dll
0x00007ffcdf2f0000 - 0x00007ffcdf32b000 	C:\WINDOWS\SYSTEM32\NTASN1.dll
0x00007ffcdcc20000 - 0x00007ffcdcc27000 	C:\WINDOWS\system32\wshunix.dll
0x00007ffcd7ee0000 - 0x00007ffcd7ef7000 	C:\WINDOWS\system32\napinsp.dll
0x00007ffcd7f00000 - 0x00007ffcd7f1b000 	C:\WINDOWS\system32\pnrpnsp.dll
0x00007ffcd7840000 - 0x00007ffcd7855000 	C:\WINDOWS\system32\wshbth.dll
0x00007ffcd7cf0000 - 0x00007ffcd7d0d000 	C:\WINDOWS\system32\NLAapi.dll
0x00007ffcd7f20000 - 0x00007ffcd7f32000 	C:\WINDOWS\System32\winrnr.dll

dbghelp: loaded successfully - version: 4.0.5 - missing functions: none
symbol engine: initialized successfully - sym options: 0x614 - pdb path: .;C:\Users\Picco\.p2\pool\plugins\org.eclipse.justj.openjdk.hotspot.jre.full.win32.x86_64_17.0.6.v20230204-1729\jre\bin;C:\WINDOWS\SYSTEM32;C:\WINDOWS\WinSxS\amd64_microsoft.windows.common-controls_6595b64144ccf1df_6.0.19041.1110_none_60b5254171f9507e;C:\Users\Picco\.p2\pool\plugins\org.eclipse.justj.openjdk.hotspot.jre.full.win32.x86_64_17.0.6.v20230204-1729\jre\bin\server

VM Arguments:
jvm_args: -ea -Dfile.encoding=UTF-8 -XX:+ShowCodeDetailsInExceptionMessages 
java_command: org.testng.remote.RemoteTestNG -serport 59983 -protocol json -d C:\Users\Picco\eclipse-workspace\Selenium\test-output C:\Users\Picco\AppData\Local\Temp\testng-eclipse--914730919\testng-customsuite.xml
java_class_path (initial): C:\Users\Picco\eclipse\java-2022-12\eclipse\configuration\org.eclipse.osgi\438\0\.cp\lib\testng-remote.jar;C:\Users\Picco\eclipse-workspace\Selenium\bin;C:\Users\Picco\.p2\pool\plugins\org.testng_7.4.0.r202105021533.jar;C:\Users\Picco\.p2\pool\plugins\com.beust.jcommander_1.78.0.jar;C:\Users\Picco\.p2\pool\plugins\org.apache-extras.beanshell.bsh_2.0.0.b6.jar;C:\Users\Picco\.p2\pool\plugins\org.yaml.snakeyaml_1.27.0.v20221112-0806.jar;C:\Users\Picco\.p2\pool\plugins\org.webjars.jquery_3.5.1.jar;C:\Users\Picco\Downloads\selenium\bson-4.8.2.jar;C:\Users\Picco\Downloads\selenium\extentreports-5.0.9.jar;C:\Users\Picco\Downloads\selenium\freemaker-1.8.1.jar;C:\Users\Picco\Downloads\selenium\selenium-server-4.8.0 (1).jar;C:\Users\Picco\Downloads\selenium\log4j-1.2.17.jar
Launcher Type: SUN_STANDARD

[Global flags]
     intx CICompilerCount                          = 3                                         {product} {ergonomic}
     uint ConcGCThreads                            = 1                                         {product} {ergonomic}
     uint G1ConcRefinementThreads                  = 4                                         {product} {ergonomic}
   size_t G1HeapRegionSize                         = 1048576                                   {product} {ergonomic}
    uintx GCDrainStackTargetSize                   = 64                                        {product} {ergonomic}
   size_t InitialHeapSize                          = 132120576                                 {product} {ergonomic}
   size_t MarkStackSize                            = 4194304                                   {product} {ergonomic}
   size_t MaxHeapSize                              = 2090860544                                {product} {ergonomic}
   size_t MaxNewSize                               = 1254096896                                {product} {ergonomic}
   size_t MinHeapDeltaBytes                        = 1048576                                   {product} {ergonomic}
   size_t MinHeapSize                              = 8388608                                   {product} {ergonomic}
    uintx NonNMethodCodeHeapSize                   = 5832780                                {pd product} {ergonomic}
    uintx NonProfiledCodeHeapSize                  = 122912730                              {pd product} {ergonomic}
    uintx ProfiledCodeHeapSize                     = 122912730                              {pd product} {ergonomic}
    uintx ReservedCodeCacheSize                    = 251658240                              {pd product} {ergonomic}
     bool SegmentedCodeCache                       = true                                      {product} {ergonomic}
     bool ShowCodeDetailsInExceptionMessages       = true                                   {manageable} {command line}
   size_t SoftMaxHeapSize                          = 2090860544                             {manageable} {ergonomic}
     bool UseCompressedClassPointers               = true                           {product lp64_product} {ergonomic}
     bool UseCompressedOops                        = true                           {product lp64_product} {ergonomic}
     bool UseG1GC                                  = true                                      {product} {ergonomic}
     bool UseLargePagesIndividualAllocation        = false                                  {pd product} {ergonomic}

Logging:
Log output configuration:
 #0: stdout all=warning uptime,level,tags
 #1: stderr all=off uptime,level,tags

Environment Variables:
PATH=C:/Users/Picco/.p2/pool/plugins/org.eclipse.justj.openjdk.hotspot.jre.full.win32.x86_64_17.0.6.v20230204-1729/jre/bin/server;C:/Users/Picco/.p2/pool/plugins/org.eclipse.justj.openjdk.hotspot.jre.full.win32.x86_64_17.0.6.v20230204-1729/jre/bin;C:\Program Files\Common Files\Oracle\Java\javapath;C:\WINDOWS\system32;C:\WINDOWS;C:\WINDOWS\System32\Wbem;C:\WINDOWS\System32\WindowsPowerShell\v1.0\;C:\WINDOWS\System32\OpenSSH\;C:\Program Files\Java\jdk-11\bin;C:\Users\Picco\AppData\Local\Microsoft\WindowsApps;;C:\Users\Picco\Desktop;
USERNAME=Picco
OS=Windows_NT
PROCESSOR_IDENTIFIER=Intel64 Family 6 Model 126 Stepping 5, GenuineIntel
TMP=C:\Users\Picco\AppData\Local\Temp
TEMP=C:\Users\Picco\AppData\Local\Temp



---------------  S Y S T E M  ---------------

OS:
 Windows 10 , 64 bit Build 19041 (10.0.19041.2364)
OS uptime: 0 days 3:47 hours

CPU: total 4 (initial active 4) (2 cores per cpu, 2 threads per core) family 6 model 126 stepping 5 microcode 0xa6, cx8, cmov, fxsr, ht, mmx, 3dnowpref, sse, sse2, sse3, ssse3, sse4.1, sse4.2, popcnt, lzcnt, tsc, tscinvbit, avx, avx2, aes, erms, clmul, bmi1, bmi2, adx, avx512f, avx512dq, avx512cd, avx512bw, avx512vl, sha, fma, vzeroupper, avx512_vpopcntdq, avx512_vpclmulqdq, avx512_vaes, avx512_vnni, clflush, clflushopt, avx512_vbmi2, avx512_vbmi

Memory: 4k page, system-wide physical 7973M (1015M free)
TotalPageFile size 14878M (AvailPageFile size 3M)
current process WorkingSet (physical memory assigned to process): 132M, peak: 135M
current process commit charge ("private bytes"): 156M, peak: 222M

vm_info: OpenJDK 64-Bit Server VM (17.0.6+10) for windows-amd64 JRE (17.0.6+10), built on Jan 18 2023 10:08:59 by "temurin" with MS VC++ 16.7 (VS2019)

END.
